<?xml version="1.0" ?>
<!DOCTYPE coverage SYSTEM "http://cobertura.sourceforge.net/xml/coverage-04.dtd">
<coverage lines-valid="9" lines-covered="9" line-rate="1" branches-valid="2" branches-covered="2" branch-rate="1" timestamp="1731712337837" complexity="0" version="0.1">
  <sources>
    <source>/Users/alex/Documents/VillageVetTestingRound2</source>
  </sources>
  <packages>
    <package name="main" line-rate="1" branch-rate="1">
      <classes>
        <class name="PatientContext.js" filename="client/src/context/PatientContext.js" line-rate="1" branch-rate="1">
          <methods>
            <method name="(anonymous_0)" hits="2" signature="()V">
              <lines>
                <line number="5" hits="2"/>
              </lines>
            </method>
            <method name="(anonymous_1)" hits="7" signature="()V">
              <lines>
                <line number="15" hits="7"/>
              </lines>
            </method>
          </methods>
          <lines>
            <line number="3" hits="1" branch="false"/>
            <line number="5" hits="1" branch="false"/>
            <line number="6" hits="2" branch="false"/>
            <line number="8" hits="2" branch="false"/>
            <line number="15" hits="1" branch="false"/>
            <line number="16" hits="7" branch="false"/>
            <line number="18" hits="6" branch="true" condition-coverage="100% (2/2)"/>
            <line number="19" hits="4" branch="false"/>
            <line number="22" hits="2" branch="false"/>
          </lines>
        </class>
      </classes>
    </package>
  </packages>
</coverage>
