{"/Users/alex/Documents/VillageVetTestingRound2/client/src/components/PatientTabs.js": {"path":"/Users/alex/Documents/VillageVetTestingRound2/client/src/components/PatientTabs.js","statementMap":{"0":{"start":{"line":4,"column":20},"end":{"line":30,"column":1}},"1":{"start":{"line":5,"column":19},"end":{"line":5,"column":32}},"2":{"start":{"line":7,"column":15},"end":{"line":15,"column":3}},"3":{"start":{"line":17,"column":2},"end":{"line":29,"column":4}},"4":{"start":{"line":20,"column":8},"end":{"line":26,"column":15}}},"fnMap":{"0":{"name":"(anonymous_0)","decl":{"start":{"line":4,"column":20},"end":{"line":4,"column":21}},"loc":{"start":{"line":4,"column":26},"end":{"line":30,"column":1}},"line":4},"1":{"name":"(anonymous_1)","decl":{"start":{"line":19,"column":16},"end":{"line":19,"column":17}},"loc":{"start":{"line":20,"column":8},"end":{"line":26,"column":15}},"line":20}},"branchMap":{"0":{"loc":{"start":{"line":23,"column":35},"end":{"line":23,"column":81}},"type":"cond-expr","locations":[{"start":{"line":23,"column":68},"end":{"line":23,"column":76}},{"start":{"line":23,"column":79},"end":{"line":23,"column":81}}],"line":23}},"s":{"0":1,"1":0,"2":0,"3":0,"4":0},"f":{"0":0,"1":0},"b":{"0":[0,0]},"_coverageSchema":"1a1c01bbd47fc00a2c39e90264f33305004495a9","hash":"d92d87c8bdc3b92c3dca1a8e159c5d31d5b17520"}
,"/Users/alex/Documents/VillageVetTestingRound2/client/src/components/addAllergyModal/AddAllergyModal.js": {"path":"/Users/alex/Documents/VillageVetTestingRound2/client/src/components/addAllergyModal/AddAllergyModal.js","statementMap":{"0":{"start":{"line":4,"column":24},"end":{"line":61,"column":1}},"1":{"start":{"line":5,"column":26},"end":{"line":5,"column":38}},"2":{"start":{"line":6,"column":34},"end":{"line":6,"column":46}},"3":{"start":{"line":8,"column":27},"end":{"line":17,"column":3}},"4":{"start":{"line":9,"column":23},"end":{"line":12,"column":5}},"5":{"start":{"line":14,"column":4},"end":{"line":14,"column":29}},"6":{"start":{"line":15,"column":4},"end":{"line":15,"column":14}},"7":{"start":{"line":16,"column":4},"end":{"line":16,"column":16}},"8":{"start":{"line":19,"column":20},"end":{"line":22,"column":3}},"9":{"start":{"line":20,"column":4},"end":{"line":20,"column":16}},"10":{"start":{"line":21,"column":4},"end":{"line":21,"column":20}},"11":{"start":{"line":24,"column":2},"end":{"line":24,"column":27}},"12":{"start":{"line":24,"column":15},"end":{"line":24,"column":27}},"13":{"start":{"line":26,"column":2},"end":{"line":60,"column":4}},"14":{"start":{"line":36,"column":31},"end":{"line":36,"column":54}},"15":{"start":{"line":46,"column":31},"end":{"line":46,"column":58}}},"fnMap":{"0":{"name":"(anonymous_0)","decl":{"start":{"line":4,"column":24},"end":{"line":4,"column":25}},"loc":{"start":{"line":4,"column":63},"end":{"line":61,"column":1}},"line":4},"1":{"name":"(anonymous_1)","decl":{"start":{"line":8,"column":27},"end":{"line":8,"column":28}},"loc":{"start":{"line":8,"column":33},"end":{"line":17,"column":3}},"line":8},"2":{"name":"(anonymous_2)","decl":{"start":{"line":19,"column":20},"end":{"line":19,"column":21}},"loc":{"start":{"line":19,"column":26},"end":{"line":22,"column":3}},"line":19},"3":{"name":"(anonymous_3)","decl":{"start":{"line":36,"column":24},"end":{"line":36,"column":25}},"loc":{"start":{"line":36,"column":31},"end":{"line":36,"column":54}},"line":36},"4":{"name":"(anonymous_4)","decl":{"start":{"line":46,"column":24},"end":{"line":46,"column":25}},"loc":{"start":{"line":46,"column":31},"end":{"line":46,"column":58}},"line":46}},"branchMap":{"0":{"loc":{"start":{"line":24,"column":2},"end":{"line":24,"column":27}},"type":"if","locations":[{"start":{"line":24,"column":2},"end":{"line":24,"column":27}},{"start":{},"end":{}}],"line":24}},"s":{"0":1,"1":13,"2":13,"3":13,"4":0,"5":0,"6":0,"7":0,"8":13,"9":0,"10":0,"11":13,"12":1,"13":12,"14":0,"15":0},"f":{"0":13,"1":0,"2":0,"3":0,"4":0},"b":{"0":[1,12]},"_coverageSchema":"1a1c01bbd47fc00a2c39e90264f33305004495a9","hash":"3b72fe25a9464e1693743ea45d2335896bface4d"}
,"/Users/alex/Documents/VillageVetTestingRound2/client/src/components/addEstimateModal/AddEstimateModal.js": {"path":"/Users/alex/Documents/VillageVetTestingRound2/client/src/components/addEstimateModal/AddEstimateModal.js","statementMap":{"0":{"start":{"line":5,"column":25},"end":{"line":181,"column":1}},"1":{"start":{"line":6,"column":38},"end":{"line":6,"column":65}},"2":{"start":{"line":7,"column":36},"end":{"line":14,"column":6}},"3":{"start":{"line":15,"column":30},"end":{"line":15,"column":42}},"4":{"start":{"line":17,"column":4},"end":{"line":23,"column":36}},"5":{"start":{"line":18,"column":8},"end":{"line":18,"column":40}},"6":{"start":{"line":19,"column":8},"end":{"line":22,"column":12}},"7":{"start":{"line":19,"column":35},"end":{"line":22,"column":9}},"8":{"start":{"line":25,"column":4},"end":{"line":46,"column":25}},"9":{"start":{"line":26,"column":8},"end":{"line":45,"column":9}},"10":{"start":{"line":27,"column":12},"end":{"line":34,"column":15}},"11":{"start":{"line":35,"column":12},"end":{"line":35,"column":52}},"12":{"start":{"line":37,"column":12},"end":{"line":44,"column":15}},"13":{"start":{"line":48,"column":25},"end":{"line":51,"column":5}},"14":{"start":{"line":49,"column":32},"end":{"line":49,"column":40}},"15":{"start":{"line":50,"column":8},"end":{"line":50,"column":68}},"16":{"start":{"line":50,"column":35},"end":{"line":50,"column":65}},"17":{"start":{"line":53,"column":25},"end":{"line":92,"column":5}},"18":{"start":{"line":54,"column":8},"end":{"line":54,"column":27}},"19":{"start":{"line":55,"column":8},"end":{"line":55,"column":21}},"20":{"start":{"line":57,"column":8},"end":{"line":60,"column":9}},"21":{"start":{"line":58,"column":12},"end":{"line":58,"column":62}},"22":{"start":{"line":59,"column":12},"end":{"line":59,"column":19}},"23":{"start":{"line":63,"column":28},"end":{"line":71,"column":9}},"24":{"start":{"line":74,"column":8},"end":{"line":76,"column":9}},"25":{"start":{"line":75,"column":12},"end":{"line":75,"column":57}},"26":{"start":{"line":79,"column":8},"end":{"line":79,"column":41}},"27":{"start":{"line":82,"column":8},"end":{"line":89,"column":11}},"28":{"start":{"line":90,"column":8},"end":{"line":90,"column":40}},"29":{"start":{"line":91,"column":8},"end":{"line":91,"column":18}},"30":{"start":{"line":95,"column":4},"end":{"line":95,"column":29}},"31":{"start":{"line":95,"column":17},"end":{"line":95,"column":29}},"32":{"start":{"line":97,"column":4},"end":{"line":180,"column":6}}},"fnMap":{"0":{"name":"(anonymous_0)","decl":{"start":{"line":5,"column":25},"end":{"line":5,"column":26}},"loc":{"start":{"line":5,"column":100},"end":{"line":181,"column":1}},"line":5},"1":{"name":"(anonymous_1)","decl":{"start":{"line":17,"column":14},"end":{"line":17,"column":15}},"loc":{"start":{"line":17,"column":20},"end":{"line":23,"column":5}},"line":17},"2":{"name":"(anonymous_2)","decl":{"start":{"line":19,"column":20},"end":{"line":19,"column":21}},"loc":{"start":{"line":19,"column":35},"end":{"line":22,"column":9}},"line":19},"3":{"name":"(anonymous_3)","decl":{"start":{"line":25,"column":14},"end":{"line":25,"column":15}},"loc":{"start":{"line":25,"column":20},"end":{"line":46,"column":5}},"line":25},"4":{"name":"(anonymous_4)","decl":{"start":{"line":48,"column":25},"end":{"line":48,"column":26}},"loc":{"start":{"line":48,"column":32},"end":{"line":51,"column":5}},"line":48},"5":{"name":"(anonymous_5)","decl":{"start":{"line":50,"column":20},"end":{"line":50,"column":21}},"loc":{"start":{"line":50,"column":35},"end":{"line":50,"column":65}},"line":50},"6":{"name":"(anonymous_6)","decl":{"start":{"line":53,"column":25},"end":{"line":53,"column":26}},"loc":{"start":{"line":53,"column":38},"end":{"line":92,"column":5}},"line":53}},"branchMap":{"0":{"loc":{"start":{"line":26,"column":8},"end":{"line":45,"column":9}},"type":"if","locations":[{"start":{"line":26,"column":8},"end":{"line":45,"column":9}},{"start":{"line":36,"column":15},"end":{"line":45,"column":9}}],"line":26},"1":{"loc":{"start":{"line":57,"column":8},"end":{"line":60,"column":9}},"type":"if","locations":[{"start":{"line":57,"column":8},"end":{"line":60,"column":9}},{"start":{},"end":{}}],"line":57},"2":{"loc":{"start":{"line":57,"column":12},"end":{"line":57,"column":76}},"type":"binary-expr","locations":[{"start":{"line":57,"column":12},"end":{"line":57,"column":35}},{"start":{"line":57,"column":39},"end":{"line":57,"column":76}}],"line":57},"3":{"loc":{"start":{"line":67,"column":26},"end":{"line":67,"column":60}},"type":"binary-expr","locations":[{"start":{"line":67,"column":26},"end":{"line":67,"column":55}},{"start":{"line":67,"column":59},"end":{"line":67,"column":60}}],"line":67},"4":{"loc":{"start":{"line":74,"column":8},"end":{"line":76,"column":9}},"type":"if","locations":[{"start":{"line":74,"column":8},"end":{"line":76,"column":9}},{"start":{},"end":{}}],"line":74},"5":{"loc":{"start":{"line":95,"column":4},"end":{"line":95,"column":29}},"type":"if","locations":[{"start":{"line":95,"column":4},"end":{"line":95,"column":29}},{"start":{},"end":{}}],"line":95},"6":{"loc":{"start":{"line":100,"column":21},"end":{"line":100,"column":70}},"type":"cond-expr","locations":[{"start":{"line":100,"column":38},"end":{"line":100,"column":53}},{"start":{"line":100,"column":56},"end":{"line":100,"column":70}}],"line":100},"7":{"loc":{"start":{"line":101,"column":17},"end":{"line":101,"column":70}},"type":"binary-expr","locations":[{"start":{"line":101,"column":17},"end":{"line":101,"column":22}},{"start":{"line":101,"column":26},"end":{"line":101,"column":70}}],"line":101},"8":{"loc":{"start":{"line":104,"column":21},"end":{"line":115,"column":21}},"type":"binary-expr","locations":[{"start":{"line":104,"column":21},"end":{"line":104,"column":40}},{"start":{"line":105,"column":24},"end":{"line":114,"column":30}}],"line":104},"9":{"loc":{"start":{"line":170,"column":25},"end":{"line":170,"column":73}},"type":"cond-expr","locations":[{"start":{"line":170,"column":42},"end":{"line":170,"column":56}},{"start":{"line":170,"column":59},"end":{"line":170,"column":73}}],"line":170}},"s":{"0":1,"1":2,"2":2,"3":2,"4":2,"5":1,"6":1,"7":1,"8":2,"9":1,"10":0,"11":0,"12":1,"13":2,"14":0,"15":0,"16":0,"17":2,"18":0,"19":0,"20":0,"21":0,"22":0,"23":0,"24":0,"25":0,"26":0,"27":0,"28":0,"29":0,"30":2,"31":2,"32":0},"f":{"0":2,"1":1,"2":1,"3":1,"4":0,"5":0,"6":0},"b":{"0":[0,1],"1":[0,0],"2":[0,0],"3":[0,0],"4":[0,0],"5":[2,0],"6":[0,0],"7":[0,0],"8":[0,0],"9":[0,0]},"_coverageSchema":"1a1c01bbd47fc00a2c39e90264f33305004495a9","hash":"18994043115adec41f415369ef0a2fc8bdac746e"}
,"/Users/alex/Documents/VillageVetTestingRound2/client/src/components/addMedicationModal/AddMedicationModal.js": {"path":"/Users/alex/Documents/VillageVetTestingRound2/client/src/components/addMedicationModal/AddMedicationModal.js","statementMap":{"0":{"start":{"line":4,"column":27},"end":{"line":159,"column":1}},"1":{"start":{"line":5,"column":28},"end":{"line":5,"column":40}},"2":{"start":{"line":6,"column":32},"end":{"line":6,"column":44}},"3":{"start":{"line":7,"column":38},"end":{"line":7,"column":50}},"4":{"start":{"line":8,"column":48},"end":{"line":8,"column":60}},"5":{"start":{"line":9,"column":34},"end":{"line":9,"column":46}},"6":{"start":{"line":10,"column":32},"end":{"line":10,"column":44}},"7":{"start":{"line":11,"column":32},"end":{"line":11,"column":44}},"8":{"start":{"line":12,"column":44},"end":{"line":12,"column":56}},"9":{"start":{"line":13,"column":34},"end":{"line":13,"column":46}},"10":{"start":{"line":14,"column":32},"end":{"line":14,"column":51}},"11":{"start":{"line":16,"column":32},"end":{"line":34,"column":5}},"12":{"start":{"line":17,"column":30},"end":{"line":28,"column":9}},"13":{"start":{"line":30,"column":8},"end":{"line":30,"column":39}},"14":{"start":{"line":31,"column":8},"end":{"line":31,"column":18}},"15":{"start":{"line":33,"column":8},"end":{"line":33,"column":20}},"16":{"start":{"line":36,"column":22},"end":{"line":47,"column":5}},"17":{"start":{"line":37,"column":8},"end":{"line":37,"column":20}},"18":{"start":{"line":38,"column":8},"end":{"line":38,"column":22}},"19":{"start":{"line":39,"column":8},"end":{"line":39,"column":25}},"20":{"start":{"line":40,"column":8},"end":{"line":40,"column":30}},"21":{"start":{"line":41,"column":8},"end":{"line":41,"column":23}},"22":{"start":{"line":42,"column":8},"end":{"line":42,"column":22}},"23":{"start":{"line":43,"column":8},"end":{"line":43,"column":22}},"24":{"start":{"line":44,"column":8},"end":{"line":44,"column":28}},"25":{"start":{"line":45,"column":8},"end":{"line":45,"column":23}},"26":{"start":{"line":46,"column":8},"end":{"line":46,"column":29}},"27":{"start":{"line":49,"column":4},"end":{"line":49,"column":29}},"28":{"start":{"line":49,"column":17},"end":{"line":49,"column":29}},"29":{"start":{"line":51,"column":4},"end":{"line":158,"column":6}},"30":{"start":{"line":61,"column":45},"end":{"line":61,"column":68}},"31":{"start":{"line":70,"column":45},"end":{"line":70,"column":70}},"32":{"start":{"line":79,"column":45},"end":{"line":79,"column":73}},"33":{"start":{"line":88,"column":45},"end":{"line":88,"column":78}},"34":{"start":{"line":97,"column":45},"end":{"line":97,"column":71}},"35":{"start":{"line":105,"column":45},"end":{"line":105,"column":70}},"36":{"start":{"line":114,"column":45},"end":{"line":114,"column":70}},"37":{"start":{"line":122,"column":45},"end":{"line":122,"column":76}},"38":{"start":{"line":131,"column":45},"end":{"line":131,"column":71}},"39":{"start":{"line":140,"column":45},"end":{"line":140,"column":70}}},"fnMap":{"0":{"name":"(anonymous_0)","decl":{"start":{"line":4,"column":27},"end":{"line":4,"column":28}},"loc":{"start":{"line":4,"column":69},"end":{"line":159,"column":1}},"line":4},"1":{"name":"(anonymous_1)","decl":{"start":{"line":16,"column":32},"end":{"line":16,"column":33}},"loc":{"start":{"line":16,"column":38},"end":{"line":34,"column":5}},"line":16},"2":{"name":"(anonymous_2)","decl":{"start":{"line":36,"column":22},"end":{"line":36,"column":23}},"loc":{"start":{"line":36,"column":28},"end":{"line":47,"column":5}},"line":36},"3":{"name":"(anonymous_3)","decl":{"start":{"line":61,"column":38},"end":{"line":61,"column":39}},"loc":{"start":{"line":61,"column":45},"end":{"line":61,"column":68}},"line":61},"4":{"name":"(anonymous_4)","decl":{"start":{"line":70,"column":38},"end":{"line":70,"column":39}},"loc":{"start":{"line":70,"column":45},"end":{"line":70,"column":70}},"line":70},"5":{"name":"(anonymous_5)","decl":{"start":{"line":79,"column":38},"end":{"line":79,"column":39}},"loc":{"start":{"line":79,"column":45},"end":{"line":79,"column":73}},"line":79},"6":{"name":"(anonymous_6)","decl":{"start":{"line":88,"column":38},"end":{"line":88,"column":39}},"loc":{"start":{"line":88,"column":45},"end":{"line":88,"column":78}},"line":88},"7":{"name":"(anonymous_7)","decl":{"start":{"line":97,"column":38},"end":{"line":97,"column":39}},"loc":{"start":{"line":97,"column":45},"end":{"line":97,"column":71}},"line":97},"8":{"name":"(anonymous_8)","decl":{"start":{"line":105,"column":38},"end":{"line":105,"column":39}},"loc":{"start":{"line":105,"column":45},"end":{"line":105,"column":70}},"line":105},"9":{"name":"(anonymous_9)","decl":{"start":{"line":114,"column":38},"end":{"line":114,"column":39}},"loc":{"start":{"line":114,"column":45},"end":{"line":114,"column":70}},"line":114},"10":{"name":"(anonymous_10)","decl":{"start":{"line":122,"column":38},"end":{"line":122,"column":39}},"loc":{"start":{"line":122,"column":45},"end":{"line":122,"column":76}},"line":122},"11":{"name":"(anonymous_11)","decl":{"start":{"line":131,"column":38},"end":{"line":131,"column":39}},"loc":{"start":{"line":131,"column":45},"end":{"line":131,"column":71}},"line":131},"12":{"name":"(anonymous_12)","decl":{"start":{"line":140,"column":38},"end":{"line":140,"column":39}},"loc":{"start":{"line":140,"column":45},"end":{"line":140,"column":70}},"line":140}},"branchMap":{"0":{"loc":{"start":{"line":26,"column":21},"end":{"line":26,"column":55}},"type":"cond-expr","locations":[{"start":{"line":26,"column":31},"end":{"line":26,"column":48}},{"start":{"line":26,"column":51},"end":{"line":26,"column":55}}],"line":26},"1":{"loc":{"start":{"line":49,"column":4},"end":{"line":49,"column":29}},"type":"if","locations":[{"start":{"line":49,"column":4},"end":{"line":49,"column":29}},{"start":{},"end":{}}],"line":49}},"s":{"0":1,"1":13,"2":13,"3":13,"4":13,"5":13,"6":13,"7":13,"8":13,"9":13,"10":13,"11":13,"12":0,"13":0,"14":0,"15":0,"16":13,"17":0,"18":0,"19":0,"20":0,"21":0,"22":0,"23":0,"24":0,"25":0,"26":0,"27":13,"28":1,"29":12,"30":0,"31":0,"32":0,"33":0,"34":0,"35":0,"36":0,"37":0,"38":0,"39":0},"f":{"0":13,"1":0,"2":0,"3":0,"4":0,"5":0,"6":0,"7":0,"8":0,"9":0,"10":0,"11":0,"12":0},"b":{"0":[0,0],"1":[1,12]},"_coverageSchema":"1a1c01bbd47fc00a2c39e90264f33305004495a9","hash":"3f54a0f41e9fb87a9eb17178a9f9b93fd602b0a0"}
,"/Users/alex/Documents/VillageVetTestingRound2/client/src/components/addNoteModal/AddNoteModal.js": {"path":"/Users/alex/Documents/VillageVetTestingRound2/client/src/components/addNoteModal/AddNoteModal.js","statementMap":{"0":{"start":{"line":4,"column":21},"end":{"line":60,"column":1}},"1":{"start":{"line":5,"column":26},"end":{"line":5,"column":38}},"2":{"start":{"line":6,"column":26},"end":{"line":6,"column":38}},"3":{"start":{"line":8,"column":24},"end":{"line":17,"column":3}},"4":{"start":{"line":9,"column":20},"end":{"line":12,"column":5}},"5":{"start":{"line":14,"column":4},"end":{"line":14,"column":23}},"6":{"start":{"line":15,"column":4},"end":{"line":15,"column":14}},"7":{"start":{"line":16,"column":4},"end":{"line":16,"column":16}},"8":{"start":{"line":19,"column":20},"end":{"line":22,"column":3}},"9":{"start":{"line":20,"column":4},"end":{"line":20,"column":16}},"10":{"start":{"line":21,"column":4},"end":{"line":21,"column":16}},"11":{"start":{"line":24,"column":2},"end":{"line":24,"column":27}},"12":{"start":{"line":24,"column":15},"end":{"line":24,"column":27}},"13":{"start":{"line":26,"column":2},"end":{"line":59,"column":4}},"14":{"start":{"line":36,"column":31},"end":{"line":36,"column":54}},"15":{"start":{"line":44,"column":31},"end":{"line":44,"column":54}}},"fnMap":{"0":{"name":"(anonymous_0)","decl":{"start":{"line":4,"column":21},"end":{"line":4,"column":22}},"loc":{"start":{"line":4,"column":57},"end":{"line":60,"column":1}},"line":4},"1":{"name":"(anonymous_1)","decl":{"start":{"line":8,"column":24},"end":{"line":8,"column":25}},"loc":{"start":{"line":8,"column":30},"end":{"line":17,"column":3}},"line":8},"2":{"name":"(anonymous_2)","decl":{"start":{"line":19,"column":20},"end":{"line":19,"column":21}},"loc":{"start":{"line":19,"column":26},"end":{"line":22,"column":3}},"line":19},"3":{"name":"(anonymous_3)","decl":{"start":{"line":36,"column":24},"end":{"line":36,"column":25}},"loc":{"start":{"line":36,"column":31},"end":{"line":36,"column":54}},"line":36},"4":{"name":"(anonymous_4)","decl":{"start":{"line":44,"column":24},"end":{"line":44,"column":25}},"loc":{"start":{"line":44,"column":31},"end":{"line":44,"column":54}},"line":44}},"branchMap":{"0":{"loc":{"start":{"line":24,"column":2},"end":{"line":24,"column":27}},"type":"if","locations":[{"start":{"line":24,"column":2},"end":{"line":24,"column":27}},{"start":{},"end":{}}],"line":24}},"s":{"0":1,"1":13,"2":13,"3":13,"4":0,"5":0,"6":0,"7":0,"8":13,"9":0,"10":0,"11":13,"12":1,"13":12,"14":0,"15":0},"f":{"0":13,"1":0,"2":0,"3":0,"4":0},"b":{"0":[1,12]},"_coverageSchema":"1a1c01bbd47fc00a2c39e90264f33305004495a9","hash":"62679dfa9e0afa59bac0ab5956e00097af609ac8"}
,"/Users/alex/Documents/VillageVetTestingRound2/client/src/components/addVitalModal/AddVitalModal.js": {"path":"/Users/alex/Documents/VillageVetTestingRound2/client/src/components/addVitalModal/AddVitalModal.js","statementMap":{"0":{"start":{"line":4,"column":22},"end":{"line":85,"column":1}},"1":{"start":{"line":5,"column":26},"end":{"line":5,"column":38}},"2":{"start":{"line":6,"column":30},"end":{"line":6,"column":42}},"3":{"start":{"line":7,"column":40},"end":{"line":7,"column":52}},"4":{"start":{"line":8,"column":36},"end":{"line":8,"column":48}},"5":{"start":{"line":10,"column":25},"end":{"line":21,"column":3}},"6":{"start":{"line":11,"column":21},"end":{"line":16,"column":5}},"7":{"start":{"line":18,"column":4},"end":{"line":18,"column":25}},"8":{"start":{"line":19,"column":4},"end":{"line":19,"column":14}},"9":{"start":{"line":20,"column":4},"end":{"line":20,"column":16}},"10":{"start":{"line":23,"column":20},"end":{"line":28,"column":3}},"11":{"start":{"line":24,"column":4},"end":{"line":24,"column":16}},"12":{"start":{"line":25,"column":4},"end":{"line":25,"column":18}},"13":{"start":{"line":26,"column":4},"end":{"line":26,"column":23}},"14":{"start":{"line":27,"column":4},"end":{"line":27,"column":21}},"15":{"start":{"line":30,"column":2},"end":{"line":30,"column":27}},"16":{"start":{"line":30,"column":15},"end":{"line":30,"column":27}},"17":{"start":{"line":32,"column":2},"end":{"line":84,"column":4}},"18":{"start":{"line":42,"column":31},"end":{"line":42,"column":54}},"19":{"start":{"line":51,"column":31},"end":{"line":51,"column":56}},"20":{"start":{"line":60,"column":31},"end":{"line":60,"column":61}},"21":{"start":{"line":69,"column":31},"end":{"line":69,"column":59}}},"fnMap":{"0":{"name":"(anonymous_0)","decl":{"start":{"line":4,"column":22},"end":{"line":4,"column":23}},"loc":{"start":{"line":4,"column":59},"end":{"line":85,"column":1}},"line":4},"1":{"name":"(anonymous_1)","decl":{"start":{"line":10,"column":25},"end":{"line":10,"column":26}},"loc":{"start":{"line":10,"column":31},"end":{"line":21,"column":3}},"line":10},"2":{"name":"(anonymous_2)","decl":{"start":{"line":23,"column":20},"end":{"line":23,"column":21}},"loc":{"start":{"line":23,"column":26},"end":{"line":28,"column":3}},"line":23},"3":{"name":"(anonymous_3)","decl":{"start":{"line":42,"column":24},"end":{"line":42,"column":25}},"loc":{"start":{"line":42,"column":31},"end":{"line":42,"column":54}},"line":42},"4":{"name":"(anonymous_4)","decl":{"start":{"line":51,"column":24},"end":{"line":51,"column":25}},"loc":{"start":{"line":51,"column":31},"end":{"line":51,"column":56}},"line":51},"5":{"name":"(anonymous_5)","decl":{"start":{"line":60,"column":24},"end":{"line":60,"column":25}},"loc":{"start":{"line":60,"column":31},"end":{"line":60,"column":61}},"line":60},"6":{"name":"(anonymous_6)","decl":{"start":{"line":69,"column":24},"end":{"line":69,"column":25}},"loc":{"start":{"line":69,"column":31},"end":{"line":69,"column":59}},"line":69}},"branchMap":{"0":{"loc":{"start":{"line":30,"column":2},"end":{"line":30,"column":27}},"type":"if","locations":[{"start":{"line":30,"column":2},"end":{"line":30,"column":27}},{"start":{},"end":{}}],"line":30}},"s":{"0":1,"1":13,"2":13,"3":13,"4":13,"5":13,"6":0,"7":0,"8":0,"9":0,"10":13,"11":0,"12":0,"13":0,"14":0,"15":13,"16":1,"17":12,"18":0,"19":0,"20":0,"21":0},"f":{"0":13,"1":0,"2":0,"3":0,"4":0,"5":0,"6":0},"b":{"0":[1,12]},"_coverageSchema":"1a1c01bbd47fc00a2c39e90264f33305004495a9","hash":"a97e73da6466b9c3495d7e9362519f6206b95278"}
,"/Users/alex/Documents/VillageVetTestingRound2/client/src/components/patientSidebar/PatientSidebar.js": {"path":"/Users/alex/Documents/VillageVetTestingRound2/client/src/components/patientSidebar/PatientSidebar.js","statementMap":{"0":{"start":{"line":6,"column":23},"end":{"line":212,"column":1}},"1":{"start":{"line":7,"column":30},"end":{"line":7,"column":42}},"2":{"start":{"line":8,"column":2},"end":{"line":8,"column":63}},"3":{"start":{"line":9,"column":42},"end":{"line":9,"column":54}},"4":{"start":{"line":10,"column":36},"end":{"line":10,"column":48}},"5":{"start":{"line":11,"column":34},"end":{"line":11,"column":46}},"6":{"start":{"line":12,"column":28},"end":{"line":12,"column":42}},"7":{"start":{"line":13,"column":19},"end":{"line":13,"column":38}},"8":{"start":{"line":15,"column":2},"end":{"line":22,"column":24}},"9":{"start":{"line":16,"column":4},"end":{"line":21,"column":5}},"10":{"start":{"line":17,"column":6},"end":{"line":17,"column":44}},"11":{"start":{"line":18,"column":6},"end":{"line":18,"column":41}},"12":{"start":{"line":19,"column":6},"end":{"line":19,"column":19}},"13":{"start":{"line":20,"column":6},"end":{"line":20,"column":43}},"14":{"start":{"line":24,"column":28},"end":{"line":38,"column":3}},"15":{"start":{"line":25,"column":4},"end":{"line":37,"column":5}},"16":{"start":{"line":26,"column":30},"end":{"line":31,"column":17}},"17":{"start":{"line":33,"column":6},"end":{"line":33,"column":29}},"18":{"start":{"line":33,"column":17},"end":{"line":33,"column":29}},"19":{"start":{"line":34,"column":6},"end":{"line":34,"column":28}},"20":{"start":{"line":36,"column":6},"end":{"line":36,"column":67}},"21":{"start":{"line":41,"column":25},"end":{"line":44,"column":3}},"22":{"start":{"line":42,"column":27},"end":{"line":42,"column":76}},"23":{"start":{"line":43,"column":4},"end":{"line":43,"column":33}},"24":{"start":{"line":46,"column":21},"end":{"line":59,"column":3}},"25":{"start":{"line":47,"column":4},"end":{"line":58,"column":5}},"26":{"start":{"line":48,"column":30},"end":{"line":48,"column":77}},"27":{"start":{"line":49,"column":6},"end":{"line":49,"column":29}},"28":{"start":{"line":49,"column":17},"end":{"line":49,"column":29}},"29":{"start":{"line":51,"column":27},"end":{"line":54,"column":12}},"30":{"start":{"line":52,"column":8},"end":{"line":52,"column":47}},"31":{"start":{"line":53,"column":8},"end":{"line":53,"column":19}},"32":{"start":{"line":55,"column":6},"end":{"line":55,"column":32}},"33":{"start":{"line":57,"column":6},"end":{"line":57,"column":65}},"34":{"start":{"line":61,"column":27},"end":{"line":89,"column":3}},"35":{"start":{"line":62,"column":4},"end":{"line":88,"column":5}},"36":{"start":{"line":63,"column":57},"end":{"line":67,"column":17}},"37":{"start":{"line":69,"column":6},"end":{"line":69,"column":43}},"38":{"start":{"line":69,"column":24},"end":{"line":69,"column":43}},"39":{"start":{"line":71,"column":6},"end":{"line":85,"column":7}},"40":{"start":{"line":72,"column":55},"end":{"line":76,"column":19}},"41":{"start":{"line":78,"column":8},"end":{"line":78,"column":41}},"42":{"start":{"line":78,"column":24},"end":{"line":78,"column":41}},"43":{"start":{"line":80,"column":8},"end":{"line":84,"column":11}},"44":{"start":{"line":87,"column":6},"end":{"line":87,"column":68}},"45":{"start":{"line":91,"column":2},"end":{"line":94,"column":3}},"46":{"start":{"line":92,"column":4},"end":{"line":92,"column":56}},"47":{"start":{"line":93,"column":4},"end":{"line":93,"column":42}},"48":{"start":{"line":105,"column":6},"end":{"line":105,"column":21}},"49":{"start":{"line":107,"column":2},"end":{"line":211,"column":4}},"50":{"start":{"line":162,"column":12},"end":{"line":180,"column":18}},"51":{"start":{"line":195,"column":14},"end":{"line":198,"column":20}}},"fnMap":{"0":{"name":"(anonymous_0)","decl":{"start":{"line":6,"column":23},"end":{"line":6,"column":24}},"loc":{"start":{"line":6,"column":29},"end":{"line":212,"column":1}},"line":6},"1":{"name":"(anonymous_1)","decl":{"start":{"line":15,"column":12},"end":{"line":15,"column":13}},"loc":{"start":{"line":15,"column":18},"end":{"line":22,"column":3}},"line":15},"2":{"name":"(anonymous_2)","decl":{"start":{"line":24,"column":28},"end":{"line":24,"column":29}},"loc":{"start":{"line":24,"column":49},"end":{"line":38,"column":3}},"line":24},"3":{"name":"(anonymous_3)","decl":{"start":{"line":41,"column":25},"end":{"line":41,"column":26}},"loc":{"start":{"line":41,"column":40},"end":{"line":44,"column":3}},"line":41},"4":{"name":"(anonymous_4)","decl":{"start":{"line":46,"column":21},"end":{"line":46,"column":22}},"loc":{"start":{"line":46,"column":33},"end":{"line":59,"column":3}},"line":46},"5":{"name":"(anonymous_5)","decl":{"start":{"line":51,"column":39},"end":{"line":51,"column":40}},"loc":{"start":{"line":51,"column":61},"end":{"line":54,"column":7}},"line":51},"6":{"name":"(anonymous_6)","decl":{"start":{"line":61,"column":27},"end":{"line":61,"column":28}},"loc":{"start":{"line":61,"column":48},"end":{"line":89,"column":3}},"line":61},"7":{"name":"(anonymous_7)","decl":{"start":{"line":161,"column":27},"end":{"line":161,"column":28}},"loc":{"start":{"line":162,"column":12},"end":{"line":180,"column":18}},"line":162},"8":{"name":"(anonymous_8)","decl":{"start":{"line":194,"column":26},"end":{"line":194,"column":27}},"loc":{"start":{"line":195,"column":14},"end":{"line":198,"column":20}},"line":195}},"branchMap":{"0":{"loc":{"start":{"line":16,"column":4},"end":{"line":21,"column":5}},"type":"if","locations":[{"start":{"line":16,"column":4},"end":{"line":21,"column":5}},{"start":{},"end":{}}],"line":16},"1":{"loc":{"start":{"line":16,"column":8},"end":{"line":16,"column":45}},"type":"binary-expr","locations":[{"start":{"line":16,"column":8},"end":{"line":16,"column":23}},{"start":{"line":16,"column":27},"end":{"line":16,"column":45}}],"line":16},"2":{"loc":{"start":{"line":33,"column":6},"end":{"line":33,"column":29}},"type":"if","locations":[{"start":{"line":33,"column":6},"end":{"line":33,"column":29}},{"start":{},"end":{}}],"line":33},"3":{"loc":{"start":{"line":49,"column":6},"end":{"line":49,"column":29}},"type":"if","locations":[{"start":{"line":49,"column":6},"end":{"line":49,"column":29}},{"start":{},"end":{}}],"line":49},"4":{"loc":{"start":{"line":69,"column":6},"end":{"line":69,"column":43}},"type":"if","locations":[{"start":{"line":69,"column":6},"end":{"line":69,"column":43}},{"start":{},"end":{}}],"line":69},"5":{"loc":{"start":{"line":71,"column":6},"end":{"line":85,"column":7}},"type":"if","locations":[{"start":{"line":71,"column":6},"end":{"line":85,"column":7}},{"start":{},"end":{}}],"line":71},"6":{"loc":{"start":{"line":71,"column":10},"end":{"line":71,"column":45}},"type":"binary-expr","locations":[{"start":{"line":71,"column":10},"end":{"line":71,"column":21}},{"start":{"line":71,"column":25},"end":{"line":71,"column":45}}],"line":71},"7":{"loc":{"start":{"line":78,"column":8},"end":{"line":78,"column":41}},"type":"if","locations":[{"start":{"line":78,"column":8},"end":{"line":78,"column":41}},{"start":{},"end":{}}],"line":78},"8":{"loc":{"start":{"line":91,"column":2},"end":{"line":94,"column":3}},"type":"if","locations":[{"start":{"line":91,"column":2},"end":{"line":94,"column":3}},{"start":{},"end":{}}],"line":91},"9":{"loc":{"start":{"line":97,"column":8},"end":{"line":97,"column":31}},"type":"default-arg","locations":[{"start":{"line":97,"column":29},"end":{"line":97,"column":31}}],"line":97},"10":{"loc":{"start":{"line":98,"column":10},"end":{"line":98,"column":26}},"type":"default-arg","locations":[{"start":{"line":98,"column":24},"end":{"line":98,"column":26}}],"line":98},"11":{"loc":{"start":{"line":99,"column":19},"end":{"line":99,"column":27}},"type":"default-arg","locations":[{"start":{"line":99,"column":25},"end":{"line":99,"column":27}}],"line":99},"12":{"loc":{"start":{"line":100,"column":4},"end":{"line":100,"column":14}},"type":"default-arg","locations":[{"start":{"line":100,"column":12},"end":{"line":100,"column":14}}],"line":100},"13":{"loc":{"start":{"line":101,"column":4},"end":{"line":101,"column":15}},"type":"default-arg","locations":[{"start":{"line":101,"column":13},"end":{"line":101,"column":15}}],"line":101},"14":{"loc":{"start":{"line":102,"column":4},"end":{"line":102,"column":17}},"type":"default-arg","locations":[{"start":{"line":102,"column":15},"end":{"line":102,"column":17}}],"line":102},"15":{"loc":{"start":{"line":103,"column":15},"end":{"line":103,"column":28}},"type":"default-arg","locations":[{"start":{"line":103,"column":26},"end":{"line":103,"column":28}}],"line":103},"16":{"loc":{"start":{"line":104,"column":22},"end":{"line":104,"column":42}},"type":"default-arg","locations":[{"start":{"line":104,"column":40},"end":{"line":104,"column":42}}],"line":104},"17":{"loc":{"start":{"line":112,"column":17},"end":{"line":112,"column":53}},"type":"binary-expr","locations":[{"start":{"line":112,"column":17},"end":{"line":112,"column":25}},{"start":{"line":112,"column":29},"end":{"line":112,"column":53}}],"line":112},"18":{"loc":{"start":{"line":153,"column":35},"end":{"line":153,"column":55}},"type":"binary-expr","locations":[{"start":{"line":153,"column":35},"end":{"line":153,"column":46}},{"start":{"line":153,"column":50},"end":{"line":153,"column":55}}],"line":153},"19":{"loc":{"start":{"line":154,"column":37},"end":{"line":154,"column":58}},"type":"binary-expr","locations":[{"start":{"line":154,"column":37},"end":{"line":154,"column":49}},{"start":{"line":154,"column":53},"end":{"line":154,"column":58}}],"line":154},"20":{"loc":{"start":{"line":155,"column":12},"end":{"line":155,"column":33}},"type":"binary-expr","locations":[{"start":{"line":155,"column":12},"end":{"line":155,"column":24}},{"start":{"line":155,"column":28},"end":{"line":155,"column":33}}],"line":155},"21":{"loc":{"start":{"line":160,"column":9},"end":{"line":184,"column":9}},"type":"cond-expr","locations":[{"start":{"line":161,"column":10},"end":{"line":181,"column":12}},{"start":{"line":183,"column":10},"end":{"line":183,"column":42}}],"line":160},"22":{"loc":{"start":{"line":178,"column":41},"end":{"line":178,"column":72}},"type":"binary-expr","locations":[{"start":{"line":178,"column":41},"end":{"line":178,"column":63}},{"start":{"line":178,"column":67},"end":{"line":178,"column":72}}],"line":178},"23":{"loc":{"start":{"line":193,"column":11},"end":{"line":202,"column":11}},"type":"cond-expr","locations":[{"start":{"line":194,"column":12},"end":{"line":199,"column":14}},{"start":{"line":201,"column":12},"end":{"line":201,"column":42}}],"line":193},"24":{"loc":{"start":{"line":208,"column":12},"end":{"line":208,"column":36}},"type":"binary-expr","locations":[{"start":{"line":208,"column":12},"end":{"line":208,"column":27}},{"start":{"line":208,"column":31},"end":{"line":208,"column":36}}],"line":208}},"s":{"0":2,"1":7,"2":7,"3":7,"4":7,"5":7,"6":7,"7":7,"8":7,"9":4,"10":3,"11":3,"12":3,"13":3,"14":7,"15":3,"16":3,"17":0,"18":0,"19":0,"20":3,"21":7,"22":3,"23":3,"24":7,"25":3,"26":3,"27":2,"28":0,"29":2,"30":0,"31":0,"32":0,"33":3,"34":7,"35":3,"36":3,"37":2,"38":1,"39":1,"40":0,"41":0,"42":0,"43":0,"44":2,"45":7,"46":1,"47":1,"48":6,"49":6,"50":0,"51":3},"f":{"0":7,"1":4,"2":3,"3":3,"4":3,"5":0,"6":3,"7":0,"8":3},"b":{"0":[3,1],"1":[4,3],"2":[0,0],"3":[0,2],"4":[1,1],"5":[0,1],"6":[1,1],"7":[0,0],"8":[1,6],"9":[0],"10":[0],"11":[2],"12":[2],"13":[2],"14":[2],"15":[2],"16":[2],"17":[6,2],"18":[6,6],"19":[6,6],"20":[6,6],"21":[0,6],"22":[0,0],"23":[3,3],"24":[6,2]},"_coverageSchema":"1a1c01bbd47fc00a2c39e90264f33305004495a9","hash":"108266990d3d54b1fa3c99f00f68868a6c4cd1e5"}
,"/Users/alex/Documents/VillageVetTestingRound2/client/src/context/PatientContext.js": {"path":"/Users/alex/Documents/VillageVetTestingRound2/client/src/context/PatientContext.js","statementMap":{"0":{"start":{"line":3,"column":23},"end":{"line":3,"column":38}},"1":{"start":{"line":5,"column":31},"end":{"line":13,"column":1}},"2":{"start":{"line":6,"column":48},"end":{"line":6,"column":62}},"3":{"start":{"line":8,"column":2},"end":{"line":12,"column":4}},"4":{"start":{"line":15,"column":26},"end":{"line":23,"column":1}},"5":{"start":{"line":16,"column":18},"end":{"line":16,"column":44}},"6":{"start":{"line":18,"column":2},"end":{"line":20,"column":3}},"7":{"start":{"line":19,"column":4},"end":{"line":19,"column":72}},"8":{"start":{"line":22,"column":2},"end":{"line":22,"column":17}}},"fnMap":{"0":{"name":"(anonymous_0)","decl":{"start":{"line":5,"column":31},"end":{"line":5,"column":32}},"loc":{"start":{"line":5,"column":49},"end":{"line":13,"column":1}},"line":5},"1":{"name":"(anonymous_1)","decl":{"start":{"line":15,"column":26},"end":{"line":15,"column":27}},"loc":{"start":{"line":15,"column":32},"end":{"line":23,"column":1}},"line":15}},"branchMap":{"0":{"loc":{"start":{"line":18,"column":2},"end":{"line":20,"column":3}},"type":"if","locations":[{"start":{"line":18,"column":2},"end":{"line":20,"column":3}},{"start":{},"end":{}}],"line":18}},"s":{"0":2,"1":2,"2":1,"3":1,"4":2,"5":6,"6":5,"7":4,"8":1},"f":{"0":1,"1":6},"b":{"0":[4,1]},"_coverageSchema":"1a1c01bbd47fc00a2c39e90264f33305004495a9","hash":"042019afaf9816b500c4713577a532737fd5b669"}
,"/Users/alex/Documents/VillageVetTestingRound2/client/src/pages/contacts/Contacts.js": {"path":"/Users/alex/Documents/VillageVetTestingRound2/client/src/pages/contacts/Contacts.js","statementMap":{"0":{"start":{"line":10,"column":17},"end":{"line":530,"column":1}},"1":{"start":{"line":11,"column":48},"end":{"line":11,"column":62}},"2":{"start":{"line":12,"column":50},"end":{"line":12,"column":62}},"3":{"start":{"line":13,"column":34},"end":{"line":13,"column":46}},"4":{"start":{"line":14,"column":34},"end":{"line":14,"column":46}},"5":{"start":{"line":15,"column":34},"end":{"line":15,"column":46}},"6":{"start":{"line":16,"column":36},"end":{"line":16,"column":51}},"7":{"start":{"line":17,"column":44},"end":{"line":17,"column":58}},"8":{"start":{"line":18,"column":28},"end":{"line":18,"column":42}},"9":{"start":{"line":19,"column":46},"end":{"line":19,"column":60}},"10":{"start":{"line":20,"column":58},"end":{"line":20,"column":73}},"11":{"start":{"line":21,"column":53},"end":{"line":21,"column":67}},"12":{"start":{"line":22,"column":40},"end":{"line":22,"column":51}},"13":{"start":{"line":23,"column":48},"end":{"line":23,"column":63}},"14":{"start":{"line":24,"column":19},"end":{"line":24,"column":32}},"15":{"start":{"line":25,"column":33},"end":{"line":25,"column":45}},"16":{"start":{"line":26,"column":26},"end":{"line":26,"column":28}},"17":{"start":{"line":27,"column":23},"end":{"line":27,"column":35}},"18":{"start":{"line":28,"column":19},"end":{"line":28,"column":38}},"19":{"start":{"line":29,"column":29},"end":{"line":29,"column":58}},"20":{"start":{"line":30,"column":30},"end":{"line":30,"column":66}},"21":{"start":{"line":31,"column":26},"end":{"line":31,"column":81}},"22":{"start":{"line":32,"column":21},"end":{"line":32,"column":65}},"23":{"start":{"line":34,"column":2},"end":{"line":36,"column":9}},"24":{"start":{"line":35,"column":4},"end":{"line":35,"column":20}},"25":{"start":{"line":38,"column":25},"end":{"line":41,"column":3}},"26":{"start":{"line":39,"column":4},"end":{"line":39,"column":32}},"27":{"start":{"line":40,"column":4},"end":{"line":40,"column":25}},"28":{"start":{"line":43,"column":2},"end":{"line":49,"column":24}},"29":{"start":{"line":44,"column":4},"end":{"line":48,"column":5}},"30":{"start":{"line":45,"column":6},"end":{"line":45,"column":40}},"31":{"start":{"line":46,"column":6},"end":{"line":46,"column":26}},"32":{"start":{"line":47,"column":6},"end":{"line":47,"column":29}},"33":{"start":{"line":51,"column":2},"end":{"line":55,"column":17}},"34":{"start":{"line":52,"column":4},"end":{"line":54,"column":5}},"35":{"start":{"line":53,"column":6},"end":{"line":53,"column":57}},"36":{"start":{"line":53,"column":44},"end":{"line":53,"column":54}},"37":{"start":{"line":57,"column":2},"end":{"line":63,"column":35}},"38":{"start":{"line":58,"column":21},"end":{"line":61,"column":5}},"39":{"start":{"line":59,"column":6},"end":{"line":60,"column":95}},"40":{"start":{"line":62,"column":4},"end":{"line":62,"column":34}},"41":{"start":{"line":65,"column":25},"end":{"line":65,"column":61}},"42":{"start":{"line":65,"column":49},"end":{"line":65,"column":60}},"43":{"start":{"line":67,"column":30},"end":{"line":85,"column":3}},"44":{"start":{"line":68,"column":4},"end":{"line":84,"column":5}},"45":{"start":{"line":69,"column":30},"end":{"line":73,"column":17}},"46":{"start":{"line":75,"column":6},"end":{"line":75,"column":29}},"47":{"start":{"line":75,"column":17},"end":{"line":75,"column":29}},"48":{"start":{"line":77,"column":6},"end":{"line":77,"column":43}},"49":{"start":{"line":77,"column":26},"end":{"line":77,"column":41}},"50":{"start":{"line":78,"column":6},"end":{"line":78,"column":51}},"51":{"start":{"line":78,"column":34},"end":{"line":78,"column":49}},"52":{"start":{"line":80,"column":6},"end":{"line":80,"column":18}},"53":{"start":{"line":82,"column":6},"end":{"line":82,"column":54}},"54":{"start":{"line":83,"column":6},"end":{"line":83,"column":18}},"55":{"start":{"line":87,"column":30},"end":{"line":116,"column":3}},"56":{"start":{"line":88,"column":4},"end":{"line":88,"column":33}},"57":{"start":{"line":88,"column":26},"end":{"line":88,"column":33}},"58":{"start":{"line":90,"column":4},"end":{"line":115,"column":5}},"59":{"start":{"line":91,"column":6},"end":{"line":114,"column":7}},"60":{"start":{"line":92,"column":40},"end":{"line":95,"column":39}},"61":{"start":{"line":97,"column":8},"end":{"line":97,"column":45}},"62":{"start":{"line":97,"column":26},"end":{"line":97,"column":45}},"63":{"start":{"line":99,"column":8},"end":{"line":99,"column":83}},"64":{"start":{"line":99,"column":47},"end":{"line":99,"column":80}},"65":{"start":{"line":100,"column":8},"end":{"line":100,"column":99}},"66":{"start":{"line":100,"column":63},"end":{"line":100,"column":96}},"67":{"start":{"line":101,"column":8},"end":{"line":101,"column":33}},"68":{"start":{"line":102,"column":8},"end":{"line":102,"column":24}},"69":{"start":{"line":103,"column":8},"end":{"line":103,"column":24}},"70":{"start":{"line":106,"column":8},"end":{"line":106,"column":99}},"71":{"start":{"line":109,"column":8},"end":{"line":109,"column":47}},"72":{"start":{"line":109,"column":25},"end":{"line":109,"column":39}},"73":{"start":{"line":112,"column":8},"end":{"line":112,"column":56}},"74":{"start":{"line":113,"column":8},"end":{"line":113,"column":64}},"75":{"start":{"line":118,"column":24},"end":{"line":131,"column":3}},"76":{"start":{"line":119,"column":4},"end":{"line":130,"column":5}},"77":{"start":{"line":120,"column":30},"end":{"line":123,"column":20}},"78":{"start":{"line":125,"column":6},"end":{"line":125,"column":29}},"79":{"start":{"line":125,"column":17},"end":{"line":125,"column":29}},"80":{"start":{"line":126,"column":6},"end":{"line":126,"column":24}},"81":{"start":{"line":128,"column":6},"end":{"line":128,"column":55}},"82":{"start":{"line":129,"column":6},"end":{"line":129,"column":68}},"83":{"start":{"line":133,"column":24},"end":{"line":146,"column":3}},"84":{"start":{"line":134,"column":4},"end":{"line":145,"column":5}},"85":{"start":{"line":135,"column":30},"end":{"line":138,"column":32}},"86":{"start":{"line":140,"column":6},"end":{"line":140,"column":29}},"87":{"start":{"line":140,"column":17},"end":{"line":140,"column":29}},"88":{"start":{"line":141,"column":6},"end":{"line":141,"column":24}},"89":{"start":{"line":143,"column":6},"end":{"line":143,"column":55}},"90":{"start":{"line":144,"column":6},"end":{"line":144,"column":79}},"91":{"start":{"line":148,"column":24},"end":{"line":161,"column":3}},"92":{"start":{"line":149,"column":4},"end":{"line":160,"column":5}},"93":{"start":{"line":150,"column":30},"end":{"line":153,"column":37}},"94":{"start":{"line":155,"column":6},"end":{"line":155,"column":29}},"95":{"start":{"line":155,"column":17},"end":{"line":155,"column":29}},"96":{"start":{"line":156,"column":6},"end":{"line":156,"column":24}},"97":{"start":{"line":158,"column":6},"end":{"line":158,"column":55}},"98":{"start":{"line":159,"column":6},"end":{"line":159,"column":79}},"99":{"start":{"line":163,"column":21},"end":{"line":166,"column":3}},"100":{"start":{"line":164,"column":4},"end":{"line":164,"column":23}},"101":{"start":{"line":165,"column":4},"end":{"line":165,"column":45}},"102":{"start":{"line":168,"column":36},"end":{"line":172,"column":3}},"103":{"start":{"line":169,"column":4},"end":{"line":171,"column":5}},"104":{"start":{"line":170,"column":6},"end":{"line":170,"column":35}},"105":{"start":{"line":174,"column":27},"end":{"line":205,"column":3}},"106":{"start":{"line":175,"column":17},"end":{"line":175,"column":38}},"107":{"start":{"line":176,"column":4},"end":{"line":204,"column":5}},"108":{"start":{"line":177,"column":6},"end":{"line":203,"column":7}},"109":{"start":{"line":178,"column":24},"end":{"line":178,"column":50}},"110":{"start":{"line":179,"column":25},"end":{"line":179,"column":54}},"111":{"start":{"line":180,"column":25},"end":{"line":180,"column":55}},"112":{"start":{"line":182,"column":37},"end":{"line":184,"column":33}},"113":{"start":{"line":186,"column":8},"end":{"line":188,"column":9}},"114":{"start":{"line":187,"column":10},"end":{"line":187,"column":28}},"115":{"start":{"line":190,"column":57},"end":{"line":192,"column":33}},"116":{"start":{"line":194,"column":8},"end":{"line":196,"column":9}},"117":{"start":{"line":195,"column":10},"end":{"line":195,"column":25}},"118":{"start":{"line":198,"column":8},"end":{"line":198,"column":37}},"119":{"start":{"line":199,"column":8},"end":{"line":199,"column":80}},"120":{"start":{"line":199,"column":34},"end":{"line":199,"column":77}},"121":{"start":{"line":201,"column":8},"end":{"line":201,"column":54}},"122":{"start":{"line":202,"column":8},"end":{"line":202,"column":72}},"123":{"start":{"line":207,"column":23},"end":{"line":211,"column":3}},"124":{"start":{"line":208,"column":4},"end":{"line":208,"column":24}},"125":{"start":{"line":209,"column":4},"end":{"line":209,"column":27}},"126":{"start":{"line":210,"column":4},"end":{"line":210,"column":19}},"127":{"start":{"line":213,"column":21},"end":{"line":252,"column":3}},"128":{"start":{"line":214,"column":4},"end":{"line":251,"column":5}},"129":{"start":{"line":215,"column":6},"end":{"line":217,"column":7}},"130":{"start":{"line":216,"column":8},"end":{"line":216,"column":59}},"131":{"start":{"line":219,"column":30},"end":{"line":227,"column":17}},"132":{"start":{"line":229,"column":6},"end":{"line":229,"column":29}},"133":{"start":{"line":229,"column":17},"end":{"line":229,"column":29}},"134":{"start":{"line":231,"column":6},"end":{"line":235,"column":8}},"135":{"start":{"line":232,"column":8},"end":{"line":234,"column":9}},"136":{"start":{"line":233,"column":10},"end":{"line":233,"column":49}},"137":{"start":{"line":237,"column":6},"end":{"line":237,"column":31}},"138":{"start":{"line":239,"column":6},"end":{"line":243,"column":8}},"139":{"start":{"line":240,"column":8},"end":{"line":242,"column":9}},"140":{"start":{"line":241,"column":10},"end":{"line":241,"column":49}},"141":{"start":{"line":245,"column":6},"end":{"line":245,"column":26}},"142":{"start":{"line":246,"column":6},"end":{"line":246,"column":29}},"143":{"start":{"line":247,"column":6},"end":{"line":247,"column":21}},"144":{"start":{"line":249,"column":6},"end":{"line":249,"column":54}},"145":{"start":{"line":250,"column":6},"end":{"line":250,"column":62}},"146":{"start":{"line":254,"column":28},"end":{"line":257,"column":3}},"147":{"start":{"line":255,"column":28},"end":{"line":255,"column":36}},"148":{"start":{"line":256,"column":4},"end":{"line":256,"column":59}},"149":{"start":{"line":256,"column":30},"end":{"line":256,"column":56}},"150":{"start":{"line":259,"column":21},"end":{"line":262,"column":3}},"151":{"start":{"line":260,"column":17},"end":{"line":260,"column":37}},"152":{"start":{"line":261,"column":4},"end":{"line":261,"column":44}},"153":{"start":{"line":264,"column":36},"end":{"line":267,"column":3}},"154":{"start":{"line":265,"column":4},"end":{"line":265,"column":37}},"155":{"start":{"line":266,"column":4},"end":{"line":266,"column":34}},"156":{"start":{"line":269,"column":38},"end":{"line":272,"column":3}},"157":{"start":{"line":270,"column":4},"end":{"line":270,"column":35}},"158":{"start":{"line":271,"column":4},"end":{"line":271,"column":34}},"159":{"start":{"line":274,"column":33},"end":{"line":277,"column":3}},"160":{"start":{"line":275,"column":4},"end":{"line":275,"column":58}},"161":{"start":{"line":276,"column":4},"end":{"line":276,"column":35}},"162":{"start":{"line":279,"column":25},"end":{"line":282,"column":66}},"163":{"start":{"line":284,"column":31},"end":{"line":287,"column":66}},"164":{"start":{"line":289,"column":25},"end":{"line":302,"column":3}},"165":{"start":{"line":290,"column":4},"end":{"line":301,"column":5}},"166":{"start":{"line":292,"column":8},"end":{"line":292,"column":34}},"167":{"start":{"line":294,"column":8},"end":{"line":294,"column":32}},"168":{"start":{"line":296,"column":8},"end":{"line":296,"column":34}},"169":{"start":{"line":298,"column":8},"end":{"line":298,"column":33}},"170":{"start":{"line":300,"column":8},"end":{"line":300,"column":18}},"171":{"start":{"line":304,"column":2},"end":{"line":528,"column":4}},"172":{"start":{"line":309,"column":12},"end":{"line":320,"column":18}},"173":{"start":{"line":312,"column":29},"end":{"line":312,"column":56}},"174":{"start":{"line":324,"column":67},"end":{"line":324,"column":91}},"175":{"start":{"line":398,"column":63},"end":{"line":398,"column":105}},"176":{"start":{"line":412,"column":16},"end":{"line":432,"column":22}},"177":{"start":{"line":415,"column":33},"end":{"line":415,"column":56}},"178":{"start":{"line":423,"column":22},"end":{"line":423,"column":46}},"179":{"start":{"line":424,"column":22},"end":{"line":424,"column":58}},"180":{"start":{"line":454,"column":38},"end":{"line":454,"column":85}},"181":{"start":{"line":454,"column":57},"end":{"line":454,"column":84}},"182":{"start":{"line":455,"column":22},"end":{"line":472,"column":24}},"183":{"start":{"line":481,"column":35},"end":{"line":481,"column":80}},"184":{"start":{"line":481,"column":58},"end":{"line":481,"column":79}},"185":{"start":{"line":491,"column":35},"end":{"line":491,"column":89}},"186":{"start":{"line":491,"column":58},"end":{"line":491,"column":88}},"187":{"start":{"line":523,"column":25},"end":{"line":523,"column":50}}},"fnMap":{"0":{"name":"(anonymous_0)","decl":{"start":{"line":10,"column":17},"end":{"line":10,"column":18}},"loc":{"start":{"line":10,"column":43},"end":{"line":530,"column":1}},"line":10},"1":{"name":"(anonymous_1)","decl":{"start":{"line":34,"column":12},"end":{"line":34,"column":13}},"loc":{"start":{"line":34,"column":18},"end":{"line":36,"column":3}},"line":34},"2":{"name":"(anonymous_2)","decl":{"start":{"line":38,"column":25},"end":{"line":38,"column":26}},"loc":{"start":{"line":38,"column":38},"end":{"line":41,"column":3}},"line":38},"3":{"name":"(anonymous_3)","decl":{"start":{"line":43,"column":12},"end":{"line":43,"column":13}},"loc":{"start":{"line":43,"column":18},"end":{"line":49,"column":3}},"line":43},"4":{"name":"(anonymous_4)","decl":{"start":{"line":51,"column":12},"end":{"line":51,"column":13}},"loc":{"start":{"line":51,"column":18},"end":{"line":55,"column":3}},"line":51},"5":{"name":"(anonymous_5)","decl":{"start":{"line":53,"column":33},"end":{"line":53,"column":34}},"loc":{"start":{"line":53,"column":44},"end":{"line":53,"column":54}},"line":53},"6":{"name":"(anonymous_6)","decl":{"start":{"line":57,"column":12},"end":{"line":57,"column":13}},"loc":{"start":{"line":57,"column":18},"end":{"line":63,"column":3}},"line":57},"7":{"name":"(anonymous_7)","decl":{"start":{"line":58,"column":37},"end":{"line":58,"column":38}},"loc":{"start":{"line":59,"column":6},"end":{"line":60,"column":95}},"line":59},"8":{"name":"(anonymous_8)","decl":{"start":{"line":65,"column":39},"end":{"line":65,"column":40}},"loc":{"start":{"line":65,"column":49},"end":{"line":65,"column":60}},"line":65},"9":{"name":"(anonymous_9)","decl":{"start":{"line":67,"column":30},"end":{"line":67,"column":31}},"loc":{"start":{"line":67,"column":50},"end":{"line":85,"column":3}},"line":67},"10":{"name":"(anonymous_10)","decl":{"start":{"line":77,"column":18},"end":{"line":77,"column":19}},"loc":{"start":{"line":77,"column":26},"end":{"line":77,"column":41}},"line":77},"11":{"name":"(anonymous_11)","decl":{"start":{"line":78,"column":26},"end":{"line":78,"column":27}},"loc":{"start":{"line":78,"column":34},"end":{"line":78,"column":49}},"line":78},"12":{"name":"(anonymous_12)","decl":{"start":{"line":87,"column":30},"end":{"line":87,"column":31}},"loc":{"start":{"line":87,"column":42},"end":{"line":116,"column":3}},"line":87},"13":{"name":"(anonymous_13)","decl":{"start":{"line":99,"column":36},"end":{"line":99,"column":37}},"loc":{"start":{"line":99,"column":47},"end":{"line":99,"column":80}},"line":99},"14":{"name":"(anonymous_14)","decl":{"start":{"line":100,"column":52},"end":{"line":100,"column":53}},"loc":{"start":{"line":100,"column":63},"end":{"line":100,"column":96}},"line":100},"15":{"name":"(anonymous_15)","decl":{"start":{"line":109,"column":19},"end":{"line":109,"column":20}},"loc":{"start":{"line":109,"column":25},"end":{"line":109,"column":39}},"line":109},"16":{"name":"(anonymous_16)","decl":{"start":{"line":118,"column":24},"end":{"line":118,"column":25}},"loc":{"start":{"line":118,"column":36},"end":{"line":131,"column":3}},"line":118},"17":{"name":"(anonymous_17)","decl":{"start":{"line":133,"column":24},"end":{"line":133,"column":25}},"loc":{"start":{"line":133,"column":43},"end":{"line":146,"column":3}},"line":133},"18":{"name":"(anonymous_18)","decl":{"start":{"line":148,"column":24},"end":{"line":148,"column":25}},"loc":{"start":{"line":148,"column":46},"end":{"line":161,"column":3}},"line":148},"19":{"name":"(anonymous_19)","decl":{"start":{"line":163,"column":21},"end":{"line":163,"column":22}},"loc":{"start":{"line":163,"column":27},"end":{"line":166,"column":3}},"line":163},"20":{"name":"(anonymous_20)","decl":{"start":{"line":168,"column":36},"end":{"line":168,"column":37}},"loc":{"start":{"line":168,"column":42},"end":{"line":172,"column":3}},"line":168},"21":{"name":"(anonymous_21)","decl":{"start":{"line":174,"column":27},"end":{"line":174,"column":28}},"loc":{"start":{"line":174,"column":44},"end":{"line":205,"column":3}},"line":174},"22":{"name":"(anonymous_22)","decl":{"start":{"line":199,"column":25},"end":{"line":199,"column":26}},"loc":{"start":{"line":199,"column":34},"end":{"line":199,"column":77}},"line":199},"23":{"name":"(anonymous_23)","decl":{"start":{"line":207,"column":23},"end":{"line":207,"column":24}},"loc":{"start":{"line":207,"column":29},"end":{"line":211,"column":3}},"line":207},"24":{"name":"(anonymous_24)","decl":{"start":{"line":213,"column":21},"end":{"line":213,"column":22}},"loc":{"start":{"line":213,"column":33},"end":{"line":252,"column":3}},"line":213},"25":{"name":"(anonymous_25)","decl":{"start":{"line":231,"column":18},"end":{"line":231,"column":19}},"loc":{"start":{"line":232,"column":8},"end":{"line":234,"column":9}},"line":232},"26":{"name":"(anonymous_26)","decl":{"start":{"line":232,"column":25},"end":{"line":232,"column":26}},"loc":{"start":{"line":233,"column":10},"end":{"line":233,"column":49}},"line":233},"27":{"name":"(anonymous_27)","decl":{"start":{"line":239,"column":26},"end":{"line":239,"column":27}},"loc":{"start":{"line":240,"column":8},"end":{"line":242,"column":9}},"line":240},"28":{"name":"(anonymous_28)","decl":{"start":{"line":240,"column":25},"end":{"line":240,"column":26}},"loc":{"start":{"line":241,"column":10},"end":{"line":241,"column":49}},"line":241},"29":{"name":"(anonymous_29)","decl":{"start":{"line":254,"column":28},"end":{"line":254,"column":29}},"loc":{"start":{"line":254,"column":35},"end":{"line":257,"column":3}},"line":254},"30":{"name":"(anonymous_30)","decl":{"start":{"line":256,"column":21},"end":{"line":256,"column":22}},"loc":{"start":{"line":256,"column":30},"end":{"line":256,"column":56}},"line":256},"31":{"name":"(anonymous_31)","decl":{"start":{"line":259,"column":21},"end":{"line":259,"column":22}},"loc":{"start":{"line":259,"column":37},"end":{"line":262,"column":3}},"line":259},"32":{"name":"(anonymous_32)","decl":{"start":{"line":264,"column":36},"end":{"line":264,"column":37}},"loc":{"start":{"line":264,"column":49},"end":{"line":267,"column":3}},"line":264},"33":{"name":"(anonymous_33)","decl":{"start":{"line":269,"column":38},"end":{"line":269,"column":39}},"loc":{"start":{"line":269,"column":44},"end":{"line":272,"column":3}},"line":269},"34":{"name":"(anonymous_34)","decl":{"start":{"line":274,"column":33},"end":{"line":274,"column":34}},"loc":{"start":{"line":274,"column":53},"end":{"line":277,"column":3}},"line":274},"35":{"name":"(anonymous_35)","decl":{"start":{"line":289,"column":25},"end":{"line":289,"column":26}},"loc":{"start":{"line":289,"column":37},"end":{"line":302,"column":3}},"line":289},"36":{"name":"(anonymous_36)","decl":{"start":{"line":308,"column":32},"end":{"line":308,"column":33}},"loc":{"start":{"line":309,"column":12},"end":{"line":320,"column":18}},"line":309},"37":{"name":"(anonymous_37)","decl":{"start":{"line":312,"column":23},"end":{"line":312,"column":24}},"loc":{"start":{"line":312,"column":29},"end":{"line":312,"column":56}},"line":312},"38":{"name":"(anonymous_38)","decl":{"start":{"line":324,"column":61},"end":{"line":324,"column":62}},"loc":{"start":{"line":324,"column":67},"end":{"line":324,"column":91}},"line":324},"39":{"name":"(anonymous_39)","decl":{"start":{"line":398,"column":57},"end":{"line":398,"column":58}},"loc":{"start":{"line":398,"column":63},"end":{"line":398,"column":105}},"line":398},"40":{"name":"(anonymous_40)","decl":{"start":{"line":411,"column":34},"end":{"line":411,"column":35}},"loc":{"start":{"line":412,"column":16},"end":{"line":432,"column":22}},"line":412},"41":{"name":"(anonymous_41)","decl":{"start":{"line":415,"column":27},"end":{"line":415,"column":28}},"loc":{"start":{"line":415,"column":33},"end":{"line":415,"column":56}},"line":415},"42":{"name":"(anonymous_42)","decl":{"start":{"line":422,"column":29},"end":{"line":422,"column":30}},"loc":{"start":{"line":422,"column":36},"end":{"line":425,"column":21}},"line":422},"43":{"name":"(anonymous_43)","decl":{"start":{"line":453,"column":41},"end":{"line":453,"column":42}},"loc":{"start":{"line":453,"column":54},"end":{"line":473,"column":21}},"line":453},"44":{"name":"(anonymous_44)","decl":{"start":{"line":454,"column":52},"end":{"line":454,"column":53}},"loc":{"start":{"line":454,"column":57},"end":{"line":454,"column":84}},"line":454},"45":{"name":"(anonymous_45)","decl":{"start":{"line":481,"column":29},"end":{"line":481,"column":30}},"loc":{"start":{"line":481,"column":35},"end":{"line":481,"column":80}},"line":481},"46":{"name":"(anonymous_46)","decl":{"start":{"line":481,"column":50},"end":{"line":481,"column":51}},"loc":{"start":{"line":481,"column":58},"end":{"line":481,"column":79}},"line":481},"47":{"name":"(anonymous_47)","decl":{"start":{"line":491,"column":29},"end":{"line":491,"column":30}},"loc":{"start":{"line":491,"column":35},"end":{"line":491,"column":89}},"line":491},"48":{"name":"(anonymous_48)","decl":{"start":{"line":491,"column":50},"end":{"line":491,"column":51}},"loc":{"start":{"line":491,"column":58},"end":{"line":491,"column":88}},"line":491},"49":{"name":"(anonymous_49)","decl":{"start":{"line":523,"column":19},"end":{"line":523,"column":20}},"loc":{"start":{"line":523,"column":25},"end":{"line":523,"column":50}},"line":523}},"branchMap":{"0":{"loc":{"start":{"line":44,"column":4},"end":{"line":48,"column":5}},"type":"if","locations":[{"start":{"line":44,"column":4},"end":{"line":48,"column":5}},{"start":{},"end":{}}],"line":44},"1":{"loc":{"start":{"line":52,"column":4},"end":{"line":54,"column":5}},"type":"if","locations":[{"start":{"line":52,"column":4},"end":{"line":54,"column":5}},{"start":{},"end":{}}],"line":52},"2":{"loc":{"start":{"line":59,"column":6},"end":{"line":60,"column":95}},"type":"binary-expr","locations":[{"start":{"line":59,"column":6},"end":{"line":59,"column":96}},{"start":{"line":60,"column":6},"end":{"line":60,"column":95}}],"line":59},"3":{"loc":{"start":{"line":59,"column":7},"end":{"line":59,"column":46}},"type":"binary-expr","locations":[{"start":{"line":59,"column":7},"end":{"line":59,"column":40}},{"start":{"line":59,"column":44},"end":{"line":59,"column":46}}],"line":59},"4":{"loc":{"start":{"line":59,"column":58},"end":{"line":59,"column":80}},"type":"binary-expr","locations":[{"start":{"line":59,"column":58},"end":{"line":59,"column":74}},{"start":{"line":59,"column":78},"end":{"line":59,"column":80}}],"line":59},"5":{"loc":{"start":{"line":60,"column":7},"end":{"line":60,"column":45}},"type":"binary-expr","locations":[{"start":{"line":60,"column":7},"end":{"line":60,"column":39}},{"start":{"line":60,"column":43},"end":{"line":60,"column":45}}],"line":60},"6":{"loc":{"start":{"line":60,"column":57},"end":{"line":60,"column":79}},"type":"binary-expr","locations":[{"start":{"line":60,"column":57},"end":{"line":60,"column":73}},{"start":{"line":60,"column":77},"end":{"line":60,"column":79}}],"line":60},"7":{"loc":{"start":{"line":75,"column":6},"end":{"line":75,"column":29}},"type":"if","locations":[{"start":{"line":75,"column":6},"end":{"line":75,"column":29}},{"start":{},"end":{}}],"line":75},"8":{"loc":{"start":{"line":88,"column":4},"end":{"line":88,"column":33}},"type":"if","locations":[{"start":{"line":88,"column":4},"end":{"line":88,"column":33}},{"start":{},"end":{}}],"line":88},"9":{"loc":{"start":{"line":90,"column":4},"end":{"line":115,"column":5}},"type":"if","locations":[{"start":{"line":90,"column":4},"end":{"line":115,"column":5}},{"start":{},"end":{}}],"line":90},"10":{"loc":{"start":{"line":97,"column":8},"end":{"line":97,"column":45}},"type":"if","locations":[{"start":{"line":97,"column":8},"end":{"line":97,"column":45}},{"start":{},"end":{}}],"line":97},"11":{"loc":{"start":{"line":125,"column":6},"end":{"line":125,"column":29}},"type":"if","locations":[{"start":{"line":125,"column":6},"end":{"line":125,"column":29}},{"start":{},"end":{}}],"line":125},"12":{"loc":{"start":{"line":140,"column":6},"end":{"line":140,"column":29}},"type":"if","locations":[{"start":{"line":140,"column":6},"end":{"line":140,"column":29}},{"start":{},"end":{}}],"line":140},"13":{"loc":{"start":{"line":155,"column":6},"end":{"line":155,"column":29}},"type":"if","locations":[{"start":{"line":155,"column":6},"end":{"line":155,"column":29}},{"start":{},"end":{}}],"line":155},"14":{"loc":{"start":{"line":169,"column":4},"end":{"line":171,"column":5}},"type":"if","locations":[{"start":{"line":169,"column":4},"end":{"line":171,"column":5}},{"start":{},"end":{}}],"line":169},"15":{"loc":{"start":{"line":176,"column":4},"end":{"line":204,"column":5}},"type":"if","locations":[{"start":{"line":176,"column":4},"end":{"line":204,"column":5}},{"start":{},"end":{}}],"line":176},"16":{"loc":{"start":{"line":186,"column":8},"end":{"line":188,"column":9}},"type":"if","locations":[{"start":{"line":186,"column":8},"end":{"line":188,"column":9}},{"start":{},"end":{}}],"line":186},"17":{"loc":{"start":{"line":194,"column":8},"end":{"line":196,"column":9}},"type":"if","locations":[{"start":{"line":194,"column":8},"end":{"line":196,"column":9}},{"start":{},"end":{}}],"line":194},"18":{"loc":{"start":{"line":215,"column":6},"end":{"line":217,"column":7}},"type":"if","locations":[{"start":{"line":215,"column":6},"end":{"line":217,"column":7}},{"start":{},"end":{}}],"line":215},"19":{"loc":{"start":{"line":215,"column":10},"end":{"line":215,"column":45}},"type":"binary-expr","locations":[{"start":{"line":215,"column":10},"end":{"line":215,"column":24}},{"start":{"line":215,"column":28},"end":{"line":215,"column":45}}],"line":215},"20":{"loc":{"start":{"line":223,"column":31},"end":{"line":223,"column":82}},"type":"binary-expr","locations":[{"start":{"line":223,"column":31},"end":{"line":223,"column":45}},{"start":{"line":223,"column":49},"end":{"line":223,"column":82}}],"line":223},"21":{"loc":{"start":{"line":229,"column":6},"end":{"line":229,"column":29}},"type":"if","locations":[{"start":{"line":229,"column":6},"end":{"line":229,"column":29}},{"start":{},"end":{}}],"line":229},"22":{"loc":{"start":{"line":233,"column":10},"end":{"line":233,"column":49}},"type":"cond-expr","locations":[{"start":{"line":233,"column":35},"end":{"line":233,"column":39}},{"start":{"line":233,"column":42},"end":{"line":233,"column":49}}],"line":233},"23":{"loc":{"start":{"line":241,"column":10},"end":{"line":241,"column":49}},"type":"cond-expr","locations":[{"start":{"line":241,"column":35},"end":{"line":241,"column":39}},{"start":{"line":241,"column":42},"end":{"line":241,"column":49}}],"line":241},"24":{"loc":{"start":{"line":290,"column":4},"end":{"line":301,"column":5}},"type":"switch","locations":[{"start":{"line":291,"column":6},"end":{"line":292,"column":34}},{"start":{"line":293,"column":6},"end":{"line":294,"column":32}},{"start":{"line":295,"column":6},"end":{"line":296,"column":34}},{"start":{"line":297,"column":6},"end":{"line":298,"column":33}},{"start":{"line":299,"column":6},"end":{"line":300,"column":18}}],"line":290},"25":{"loc":{"start":{"line":311,"column":41},"end":{"line":311,"column":91}},"type":"cond-expr","locations":[{"start":{"line":311,"column":78},"end":{"line":311,"column":86}},{"start":{"line":311,"column":89},"end":{"line":311,"column":91}}],"line":311},"26":{"loc":{"start":{"line":315,"column":21},"end":{"line":315,"column":66}},"type":"binary-expr","locations":[{"start":{"line":315,"column":21},"end":{"line":315,"column":48}},{"start":{"line":315,"column":52},"end":{"line":315,"column":66}}],"line":315},"27":{"loc":{"start":{"line":331,"column":9},"end":{"line":331,"column":62}},"type":"binary-expr","locations":[{"start":{"line":331,"column":9},"end":{"line":331,"column":14}},{"start":{"line":331,"column":18},"end":{"line":331,"column":62}}],"line":331},"28":{"loc":{"start":{"line":332,"column":9},"end":{"line":508,"column":9}},"type":"binary-expr","locations":[{"start":{"line":332,"column":9},"end":{"line":332,"column":24}},{"start":{"line":333,"column":10},"end":{"line":507,"column":13}}],"line":332},"29":{"loc":{"start":{"line":334,"column":46},"end":{"line":334,"column":73}},"type":"cond-expr","locations":[{"start":{"line":334,"column":58},"end":{"line":334,"column":68}},{"start":{"line":334,"column":71},"end":{"line":334,"column":73}}],"line":334},"30":{"loc":{"start":{"line":337,"column":23},"end":{"line":337,"column":82}},"type":"binary-expr","locations":[{"start":{"line":337,"column":23},"end":{"line":337,"column":58}},{"start":{"line":337,"column":62},"end":{"line":337,"column":82}}],"line":337},"31":{"loc":{"start":{"line":341,"column":17},"end":{"line":345,"column":17}},"type":"binary-expr","locations":[{"start":{"line":341,"column":17},"end":{"line":341,"column":26}},{"start":{"line":342,"column":18},"end":{"line":344,"column":24}}],"line":341},"32":{"loc":{"start":{"line":356,"column":17},"end":{"line":372,"column":17}},"type":"cond-expr","locations":[{"start":{"line":357,"column":18},"end":{"line":363,"column":21}},{"start":{"line":365,"column":18},"end":{"line":371,"column":21}}],"line":356},"33":{"loc":{"start":{"line":358,"column":76},"end":{"line":358,"column":108}},"type":"binary-expr","locations":[{"start":{"line":358,"column":76},"end":{"line":358,"column":102}},{"start":{"line":358,"column":106},"end":{"line":358,"column":108}}],"line":358},"34":{"loc":{"start":{"line":359,"column":90},"end":{"line":359,"column":132}},"type":"binary-expr","locations":[{"start":{"line":359,"column":90},"end":{"line":359,"column":126}},{"start":{"line":359,"column":130},"end":{"line":359,"column":132}}],"line":359},"35":{"loc":{"start":{"line":360,"column":69},"end":{"line":360,"column":94}},"type":"binary-expr","locations":[{"start":{"line":360,"column":69},"end":{"line":360,"column":88}},{"start":{"line":360,"column":92},"end":{"line":360,"column":94}}],"line":360},"36":{"loc":{"start":{"line":361,"column":73},"end":{"line":361,"column":100}},"type":"binary-expr","locations":[{"start":{"line":361,"column":73},"end":{"line":361,"column":94}},{"start":{"line":361,"column":98},"end":{"line":361,"column":100}}],"line":361},"37":{"loc":{"start":{"line":362,"column":72},"end":{"line":362,"column":97}},"type":"binary-expr","locations":[{"start":{"line":362,"column":72},"end":{"line":362,"column":91}},{"start":{"line":362,"column":95},"end":{"line":362,"column":97}}],"line":362},"38":{"loc":{"start":{"line":366,"column":43},"end":{"line":366,"column":80}},"type":"binary-expr","locations":[{"start":{"line":366,"column":43},"end":{"line":366,"column":71}},{"start":{"line":366,"column":75},"end":{"line":366,"column":80}}],"line":366},"39":{"loc":{"start":{"line":367,"column":47},"end":{"line":367,"column":94}},"type":"binary-expr","locations":[{"start":{"line":367,"column":47},"end":{"line":367,"column":85}},{"start":{"line":367,"column":89},"end":{"line":367,"column":94}}],"line":367},"40":{"loc":{"start":{"line":369,"column":45},"end":{"line":369,"column":77}},"type":"binary-expr","locations":[{"start":{"line":369,"column":45},"end":{"line":369,"column":68}},{"start":{"line":369,"column":72},"end":{"line":369,"column":77}}],"line":369},"41":{"loc":{"start":{"line":370,"column":43},"end":{"line":370,"column":73}},"type":"binary-expr","locations":[{"start":{"line":370,"column":43},"end":{"line":370,"column":64}},{"start":{"line":370,"column":68},"end":{"line":370,"column":73}}],"line":370},"42":{"loc":{"start":{"line":374,"column":15},"end":{"line":390,"column":15}},"type":"cond-expr","locations":[{"start":{"line":375,"column":16},"end":{"line":384,"column":19}},{"start":{"line":386,"column":16},"end":{"line":389,"column":25}}],"line":374},"43":{"loc":{"start":{"line":419,"column":25},"end":{"line":419,"column":66}},"type":"binary-expr","locations":[{"start":{"line":419,"column":25},"end":{"line":419,"column":42}},{"start":{"line":419,"column":46},"end":{"line":419,"column":66}}],"line":419},"44":{"loc":{"start":{"line":459,"column":31},"end":{"line":459,"column":65}},"type":"cond-expr","locations":[{"start":{"line":459,"column":41},"end":{"line":459,"column":53}},{"start":{"line":459,"column":56},"end":{"line":459,"column":65}}],"line":459},"45":{"loc":{"start":{"line":470,"column":31},"end":{"line":470,"column":92}},"type":"cond-expr","locations":[{"start":{"line":470,"column":53},"end":{"line":470,"column":84}},{"start":{"line":470,"column":87},"end":{"line":470,"column":92}}],"line":470},"46":{"loc":{"start":{"line":478,"column":15},"end":{"line":498,"column":15}},"type":"binary-expr","locations":[{"start":{"line":478,"column":15},"end":{"line":478,"column":48}},{"start":{"line":479,"column":16},"end":{"line":497,"column":22}}],"line":478},"47":{"loc":{"start":{"line":511,"column":7},"end":{"line":519,"column":7}},"type":"binary-expr","locations":[{"start":{"line":511,"column":7},"end":{"line":511,"column":27}},{"start":{"line":512,"column":8},"end":{"line":518,"column":10}}],"line":511},"48":{"loc":{"start":{"line":520,"column":7},"end":{"line":526,"column":7}},"type":"binary-expr","locations":[{"start":{"line":520,"column":7},"end":{"line":520,"column":22}},{"start":{"line":521,"column":8},"end":{"line":525,"column":10}}],"line":520}},"s":{"0":1,"1":28,"2":28,"3":28,"4":28,"5":28,"6":28,"7":28,"8":28,"9":28,"10":28,"11":28,"12":28,"13":28,"14":28,"15":28,"16":28,"17":28,"18":28,"19":28,"20":28,"21":28,"22":28,"23":28,"24":0,"25":28,"26":0,"27":0,"28":28,"29":0,"30":0,"31":0,"32":0,"33":28,"34":0,"35":0,"36":0,"37":28,"38":0,"39":0,"40":0,"41":28,"42":0,"43":28,"44":0,"45":0,"46":0,"47":0,"48":0,"49":0,"50":0,"51":0,"52":0,"53":0,"54":0,"55":28,"56":0,"57":0,"58":0,"59":0,"60":0,"61":0,"62":0,"63":0,"64":0,"65":0,"66":0,"67":0,"68":0,"69":0,"70":0,"71":0,"72":0,"73":0,"74":0,"75":28,"76":0,"77":0,"78":0,"79":0,"80":0,"81":0,"82":0,"83":28,"84":0,"85":0,"86":0,"87":0,"88":0,"89":0,"90":0,"91":28,"92":0,"93":0,"94":0,"95":0,"96":0,"97":0,"98":0,"99":28,"100":0,"101":0,"102":28,"103":0,"104":0,"105":28,"106":0,"107":0,"108":0,"109":0,"110":0,"111":0,"112":0,"113":0,"114":0,"115":0,"116":0,"117":0,"118":0,"119":0,"120":0,"121":0,"122":0,"123":28,"124":0,"125":0,"126":0,"127":28,"128":0,"129":0,"130":0,"131":0,"132":0,"133":0,"134":0,"135":0,"136":0,"137":0,"138":0,"139":0,"140":0,"141":0,"142":0,"143":0,"144":0,"145":0,"146":28,"147":0,"148":0,"149":0,"150":28,"151":0,"152":0,"153":28,"154":0,"155":0,"156":28,"157":0,"158":0,"159":28,"160":0,"161":0,"162":28,"163":0,"164":0,"165":0,"166":0,"167":0,"168":0,"169":0,"170":0,"171":0,"172":0,"173":0,"174":0,"175":0,"176":0,"177":0,"178":0,"179":0,"180":0,"181":0,"182":0,"183":0,"184":0,"185":0,"186":0,"187":0},"f":{"0":28,"1":0,"2":0,"3":0,"4":0,"5":0,"6":0,"7":0,"8":0,"9":0,"10":0,"11":0,"12":0,"13":0,"14":0,"15":0,"16":0,"17":0,"18":0,"19":0,"20":0,"21":0,"22":0,"23":0,"24":0,"25":0,"26":0,"27":0,"28":0,"29":0,"30":0,"31":0,"32":0,"33":0,"34":0,"35":0,"36":0,"37":0,"38":0,"39":0,"40":0,"41":0,"42":0,"43":0,"44":0,"45":0,"46":0,"47":0,"48":0,"49":0},"b":{"0":[0,0],"1":[0,0],"2":[0,0],"3":[0,0],"4":[0,0],"5":[0,0],"6":[0,0],"7":[0,0],"8":[0,0],"9":[0,0],"10":[0,0],"11":[0,0],"12":[0,0],"13":[0,0],"14":[0,0],"15":[0,0],"16":[0,0],"17":[0,0],"18":[0,0],"19":[0,0],"20":[0,0],"21":[0,0],"22":[0,0],"23":[0,0],"24":[0,0,0,0,0],"25":[0,0],"26":[0,0],"27":[0,0],"28":[0,0],"29":[0,0],"30":[0,0],"31":[0,0],"32":[0,0],"33":[0,0],"34":[0,0],"35":[0,0],"36":[0,0],"37":[0,0],"38":[0,0],"39":[0,0],"40":[0,0],"41":[0,0],"42":[0,0],"43":[0,0],"44":[0,0],"45":[0,0],"46":[0,0],"47":[0,0],"48":[0,0]},"_coverageSchema":"1a1c01bbd47fc00a2c39e90264f33305004495a9","hash":"d03eac0424e07b026b5433074c1c375fbc2730f2"}
,"/Users/alex/Documents/VillageVetTestingRound2/client/src/pages/contacts/CreateContactModal.js": {"path":"/Users/alex/Documents/VillageVetTestingRound2/client/src/pages/contacts/CreateContactModal.js","statementMap":{"0":{"start":{"line":6,"column":27},"end":{"line":213,"column":1}},"1":{"start":{"line":7,"column":34},"end":{"line":16,"column":4}},"2":{"start":{"line":17,"column":28},"end":{"line":17,"column":40}},"3":{"start":{"line":18,"column":46},"end":{"line":18,"column":60}},"4":{"start":{"line":19,"column":23},"end":{"line":19,"column":35}},"5":{"start":{"line":20,"column":19},"end":{"line":20,"column":38}},"6":{"start":{"line":22,"column":23},"end":{"line":28,"column":3}},"7":{"start":{"line":23,"column":28},"end":{"line":23,"column":36}},"8":{"start":{"line":24,"column":4},"end":{"line":27,"column":8}},"9":{"start":{"line":24,"column":25},"end":{"line":27,"column":5}},"10":{"start":{"line":30,"column":27},"end":{"line":57,"column":3}},"11":{"start":{"line":31,"column":17},"end":{"line":31,"column":38}},"12":{"start":{"line":32,"column":4},"end":{"line":56,"column":5}},"13":{"start":{"line":33,"column":6},"end":{"line":55,"column":7}},"14":{"start":{"line":34,"column":24},"end":{"line":34,"column":50}},"15":{"start":{"line":35,"column":25},"end":{"line":35,"column":54}},"16":{"start":{"line":36,"column":25},"end":{"line":36,"column":55}},"17":{"start":{"line":38,"column":39},"end":{"line":40,"column":33}},"18":{"start":{"line":42,"column":8},"end":{"line":42,"column":43}},"19":{"start":{"line":42,"column":25},"end":{"line":42,"column":43}},"20":{"start":{"line":44,"column":57},"end":{"line":46,"column":33}},"21":{"start":{"line":48,"column":8},"end":{"line":48,"column":37}},"22":{"start":{"line":48,"column":22},"end":{"line":48,"column":37}},"23":{"start":{"line":50,"column":8},"end":{"line":50,"column":37}},"24":{"start":{"line":51,"column":8},"end":{"line":51,"column":75}},"25":{"start":{"line":51,"column":29},"end":{"line":51,"column":72}},"26":{"start":{"line":53,"column":8},"end":{"line":53,"column":54}},"27":{"start":{"line":54,"column":8},"end":{"line":54,"column":72}},"28":{"start":{"line":59,"column":23},"end":{"line":73,"column":3}},"29":{"start":{"line":60,"column":4},"end":{"line":60,"column":23}},"30":{"start":{"line":62,"column":4},"end":{"line":65,"column":5}},"31":{"start":{"line":63,"column":6},"end":{"line":63,"column":65}},"32":{"start":{"line":64,"column":6},"end":{"line":64,"column":13}},"33":{"start":{"line":67,"column":4},"end":{"line":72,"column":5}},"34":{"start":{"line":68,"column":6},"end":{"line":68,"column":38}},"35":{"start":{"line":69,"column":6},"end":{"line":69,"column":16}},"36":{"start":{"line":71,"column":6},"end":{"line":71,"column":62}},"37":{"start":{"line":75,"column":2},"end":{"line":75,"column":27}},"38":{"start":{"line":75,"column":15},"end":{"line":75,"column":27}},"39":{"start":{"line":77,"column":2},"end":{"line":212,"column":4}},"40":{"start":{"line":85,"column":67},"end":{"line":85,"column":95}}},"fnMap":{"0":{"name":"(anonymous_0)","decl":{"start":{"line":6,"column":27},"end":{"line":6,"column":28}},"loc":{"start":{"line":6,"column":69},"end":{"line":213,"column":1}},"line":6},"1":{"name":"(anonymous_1)","decl":{"start":{"line":22,"column":23},"end":{"line":22,"column":24}},"loc":{"start":{"line":22,"column":30},"end":{"line":28,"column":3}},"line":22},"2":{"name":"(anonymous_2)","decl":{"start":{"line":24,"column":16},"end":{"line":24,"column":17}},"loc":{"start":{"line":24,"column":25},"end":{"line":27,"column":5}},"line":24},"3":{"name":"(anonymous_3)","decl":{"start":{"line":30,"column":27},"end":{"line":30,"column":28}},"loc":{"start":{"line":30,"column":44},"end":{"line":57,"column":3}},"line":30},"4":{"name":"(anonymous_4)","decl":{"start":{"line":51,"column":20},"end":{"line":51,"column":21}},"loc":{"start":{"line":51,"column":29},"end":{"line":51,"column":72}},"line":51},"5":{"name":"(anonymous_5)","decl":{"start":{"line":59,"column":23},"end":{"line":59,"column":24}},"loc":{"start":{"line":59,"column":36},"end":{"line":73,"column":3}},"line":59},"6":{"name":"(anonymous_6)","decl":{"start":{"line":85,"column":61},"end":{"line":85,"column":62}},"loc":{"start":{"line":85,"column":67},"end":{"line":85,"column":95}},"line":85}},"branchMap":{"0":{"loc":{"start":{"line":32,"column":4},"end":{"line":56,"column":5}},"type":"if","locations":[{"start":{"line":32,"column":4},"end":{"line":56,"column":5}},{"start":{},"end":{}}],"line":32},"1":{"loc":{"start":{"line":42,"column":8},"end":{"line":42,"column":43}},"type":"if","locations":[{"start":{"line":42,"column":8},"end":{"line":42,"column":43}},{"start":{},"end":{}}],"line":42},"2":{"loc":{"start":{"line":48,"column":8},"end":{"line":48,"column":37}},"type":"if","locations":[{"start":{"line":48,"column":8},"end":{"line":48,"column":37}},{"start":{},"end":{}}],"line":48},"3":{"loc":{"start":{"line":62,"column":4},"end":{"line":65,"column":5}},"type":"if","locations":[{"start":{"line":62,"column":4},"end":{"line":65,"column":5}},{"start":{},"end":{}}],"line":62},"4":{"loc":{"start":{"line":62,"column":8},"end":{"line":62,"column":70}},"type":"binary-expr","locations":[{"start":{"line":62,"column":8},"end":{"line":62,"column":28}},{"start":{"line":62,"column":32},"end":{"line":62,"column":51}},{"start":{"line":62,"column":55},"end":{"line":62,"column":70}}],"line":62},"5":{"loc":{"start":{"line":75,"column":2},"end":{"line":75,"column":27}},"type":"if","locations":[{"start":{"line":75,"column":2},"end":{"line":75,"column":27}},{"start":{},"end":{}}],"line":75},"6":{"loc":{"start":{"line":108,"column":9},"end":{"line":108,"column":68}},"type":"binary-expr","locations":[{"start":{"line":108,"column":9},"end":{"line":108,"column":14}},{"start":{"line":108,"column":18},"end":{"line":108,"column":68}}],"line":108}},"s":{"0":2,"1":2,"2":2,"3":2,"4":2,"5":2,"6":2,"7":0,"8":0,"9":0,"10":2,"11":0,"12":0,"13":0,"14":0,"15":0,"16":0,"17":0,"18":0,"19":0,"20":0,"21":0,"22":0,"23":0,"24":0,"25":0,"26":0,"27":0,"28":2,"29":0,"30":0,"31":0,"32":0,"33":0,"34":0,"35":0,"36":0,"37":2,"38":0,"39":2,"40":0},"f":{"0":2,"1":0,"2":0,"3":0,"4":0,"5":0,"6":0},"b":{"0":[0,0],"1":[0,0],"2":[0,0],"3":[0,0],"4":[0,0,0],"5":[0,2],"6":[2,0]},"_coverageSchema":"1a1c01bbd47fc00a2c39e90264f33305004495a9","hash":"0cbd9baf63bda9f2e41e7ab6e2e23324192f5e0b"}
[...]
":165,"column":7}},"type":"if","locations":[{"start":{"line":153,"column":6},"end":{"line":165,"column":7}},{"start":{"line":155,"column":13},"end":{"line":165,"column":7}}],"line":153},"14":{"loc":{"start":{"line":160,"column":38},"end":{"line":160,"column":80}},"type":"cond-expr","locations":[{"start":{"line":160,"column":52},"end":{"line":160,"column":68}},{"start":{"line":160,"column":71},"end":{"line":160,"column":80}}],"line":160},"15":{"loc":{"start":{"line":161,"column":36},"end":{"line":161,"column":120}},"type":"cond-expr","locations":[{"start":{"line":161,"column":52},"end":{"line":161,"column":108}},{"start":{"line":161,"column":111},"end":{"line":161,"column":120}}],"line":161},"16":{"loc":{"start":{"line":176,"column":11},"end":{"line":182,"column":11}},"type":"binary-expr","locations":[{"start":{"line":176,"column":11},"end":{"line":176,"column":22}},{"start":{"line":177,"column":12},"end":{"line":181,"column":14}}],"line":176},"17":{"loc":{"start":{"line":178,"column":19},"end":{"line":178,"column":68}},"type":"binary-expr","locations":[{"start":{"line":178,"column":19},"end":{"line":178,"column":40}},{"start":{"line":178,"column":44},"end":{"line":178,"column":68}}],"line":178},"18":{"loc":{"start":{"line":201,"column":13},"end":{"line":224,"column":13}},"type":"binary-expr","locations":[{"start":{"line":201,"column":13},"end":{"line":201,"column":38}},{"start":{"line":201,"column":42},"end":{"line":201,"column":56}},{"start":{"line":201,"column":60},"end":{"line":201,"column":68}},{"start":{"line":202,"column":14},"end":{"line":223,"column":19}}],"line":201},"19":{"loc":{"start":{"line":218,"column":25},"end":{"line":218,"column":62}},"type":"binary-expr","locations":[{"start":{"line":218,"column":25},"end":{"line":218,"column":36}},{"start":{"line":218,"column":40},"end":{"line":218,"column":62}}],"line":218},"20":{"loc":{"start":{"line":226,"column":11},"end":{"line":241,"column":11}},"type":"binary-expr","locations":[{"start":{"line":226,"column":11},"end":{"line":226,"column":24}},{"start":{"line":227,"column":12},"end":{"line":240,"column":18}}],"line":226},"21":{"loc":{"start":{"line":237,"column":19},"end":{"line":237,"column":72}},"type":"binary-expr","locations":[{"start":{"line":237,"column":19},"end":{"line":237,"column":38}},{"start":{"line":237,"column":42},"end":{"line":237,"column":72}}],"line":237},"22":{"loc":{"start":{"line":256,"column":24},"end":{"line":256,"column":53}},"type":"binary-expr","locations":[{"start":{"line":256,"column":24},"end":{"line":256,"column":35}},{"start":{"line":256,"column":39},"end":{"line":256,"column":53}}],"line":256}},"s":{"0":1,"1":0,"2":0,"3":0,"4":0,"5":0,"6":0,"7":0,"8":0,"9":0,"10":0,"11":0,"12":0,"13":0,"14":0,"15":0,"16":0,"17":0,"18":0,"19":0,"20":0,"21":0,"22":0,"23":0,"24":0,"25":0,"26":0,"27":0,"28":0,"29":0,"30":0,"31":0,"32":0,"33":0,"34":0,"35":0,"36":0,"37":0,"38":0,"39":0,"40":0,"41":0,"42":0,"43":0,"44":0,"45":0,"46":0,"47":0,"48":0,"49":0,"50":0,"51":0,"52":0,"53":0,"54":0,"55":0,"56":0,"57":0,"58":0,"59":0,"60":0,"61":0,"62":0,"63":0,"64":0,"65":0,"66":0,"67":0,"68":0,"69":0,"70":0,"71":0,"72":0,"73":0,"74":0,"75":0,"76":0,"77":0,"78":0,"79":0,"80":0,"81":0,"82":0,"83":0,"84":0,"85":0,"86":0,"87":0,"88":0,"89":0,"90":0,"91":0,"92":0,"93":0,"94":0,"95":0,"96":0,"97":0},"f":{"0":0,"1":0,"2":0,"3":0,"4":0,"5":0,"6":0,"7":0,"8":0,"9":0,"10":0,"11":0,"12":0,"13":0,"14":0,"15":0,"16":0,"17":0,"18":0,"19":0,"20":0,"21":0,"22":0},"b":{"0":[0,0],"1":[0,0],"2":[0,0],"3":[0,0],"4":[0,0],"5":[0,0],"6":[0,0],"7":[0,0],"8":[0,0],"9":[0,0],"10":[0,0],"11":[0,0,0],"12":[0,0],"13":[0,0],"14":[0,0],"15":[0,0],"16":[0,0],"17":[0,0],"18":[0,0,0,0],"19":[0,0],"20":[0,0],"21":[0,0],"22":[0,0]},"_coverageSchema":"1a1c01bbd47fc00a2c39e90264f33305004495a9","hash":"bcfec7e819f75816d273102da91b85a7a7c028ba"}
,"/Users/alex/Documents/VillageVetTestingRound2/client/src/pages/patients/financial/Financial.js": {"path":"/Users/alex/Documents/VillageVetTestingRound2/client/src/pages/patients/financial/Financial.js","statementMap":{"0":{"start":{"line":10,"column":18},"end":{"line":453,"column":1}},"1":{"start":{"line":11,"column":30},"end":{"line":11,"column":42}},"2":{"start":{"line":12,"column":42},"end":{"line":12,"column":54}},"3":{"start":{"line":13,"column":40},"end":{"line":13,"column":52}},"4":{"start":{"line":14,"column":40},"end":{"line":14,"column":55}},"5":{"start":{"line":15,"column":46},"end":{"line":15,"column":60}},"6":{"start":{"line":17,"column":28},"end":{"line":31,"column":1}},"7":{"start":{"line":18,"column":4},"end":{"line":30,"column":5}},"8":{"start":{"line":19,"column":32},"end":{"line":23,"column":34}},"9":{"start":{"line":24,"column":8},"end":{"line":29,"column":9}},"10":{"start":{"line":25,"column":12},"end":{"line":25,"column":74}},"11":{"start":{"line":27,"column":12},"end":{"line":27,"column":52}},"12":{"start":{"line":28,"column":12},"end":{"line":28,"column":34}},"13":{"start":{"line":33,"column":27},"end":{"line":46,"column":3}},"14":{"start":{"line":34,"column":4},"end":{"line":45,"column":5}},"15":{"start":{"line":35,"column":30},"end":{"line":38,"column":45}},"16":{"start":{"line":40,"column":6},"end":{"line":44,"column":7}},"17":{"start":{"line":41,"column":8},"end":{"line":41,"column":69}},"18":{"start":{"line":43,"column":8},"end":{"line":43,"column":29}},"19":{"start":{"line":48,"column":2},"end":{"line":52,"column":22}},"20":{"start":{"line":49,"column":4},"end":{"line":49,"column":54}},"21":{"start":{"line":50,"column":4},"end":{"line":50,"column":24}},"22":{"start":{"line":51,"column":4},"end":{"line":51,"column":23}},"23":{"start":{"line":55,"column":20},"end":{"line":58,"column":3}},"24":{"start":{"line":56,"column":4},"end":{"line":56,"column":28}},"25":{"start":{"line":57,"column":4},"end":{"line":57,"column":25}},"26":{"start":{"line":60,"column":26},"end":{"line":63,"column":3}},"27":{"start":{"line":61,"column":4},"end":{"line":61,"column":32}},"28":{"start":{"line":62,"column":4},"end":{"line":62,"column":25}},"29":{"start":{"line":66,"column":28},"end":{"line":104,"column":1}},"30":{"start":{"line":67,"column":4},"end":{"line":103,"column":5}},"31":{"start":{"line":68,"column":8},"end":{"line":98,"column":9}},"32":{"start":{"line":70,"column":36},"end":{"line":80,"column":57}},"33":{"start":{"line":82,"column":12},"end":{"line":86,"column":13}},"34":{"start":{"line":83,"column":16},"end":{"line":83,"column":72}},"35":{"start":{"line":85,"column":16},"end":{"line":85,"column":35}},"36":{"start":{"line":89,"column":36},"end":{"line":91,"column":38}},"37":{"start":{"line":93,"column":12},"end":{"line":97,"column":13}},"38":{"start":{"line":94,"column":16},"end":{"line":94,"column":74}},"39":{"start":{"line":96,"column":16},"end":{"line":96,"column":35}},"40":{"start":{"line":100,"column":8},"end":{"line":100,"column":63}},"41":{"start":{"line":102,"column":8},"end":{"line":102,"column":21}},"42":{"start":{"line":111,"column":21},"end":{"line":113,"column":3}},"43":{"start":{"line":112,"column":4},"end":{"line":112,"column":26}},"44":{"start":{"line":115,"column":35},"end":{"line":145,"column":3}},"45":{"start":{"line":116,"column":35},"end":{"line":124,"column":6}},"46":{"start":{"line":126,"column":4},"end":{"line":132,"column":5}},"47":{"start":{"line":127,"column":6},"end":{"line":130,"column":8}},"48":{"start":{"line":131,"column":6},"end":{"line":131,"column":13}},"49":{"start":{"line":134,"column":35},"end":{"line":137,"column":46}},"50":{"start":{"line":139,"column":4},"end":{"line":144,"column":5}},"51":{"start":{"line":140,"column":6},"end":{"line":140,"column":80}},"52":{"start":{"line":142,"column":6},"end":{"line":142,"column":26}},"53":{"start":{"line":143,"column":6},"end":{"line":143,"column":25}},"54":{"start":{"line":147,"column":25},"end":{"line":158,"column":3}},"55":{"start":{"line":148,"column":22},"end":{"line":151,"column":46}},"56":{"start":{"line":153,"column":4},"end":{"line":157,"column":5}},"57":{"start":{"line":154,"column":6},"end":{"line":154,"column":64}},"58":{"start":{"line":156,"column":6},"end":{"line":156,"column":26}},"59":{"start":{"line":160,"column":30},"end":{"line":171,"column":3}},"60":{"start":{"line":161,"column":22},"end":{"line":164,"column":43}},"61":{"start":{"line":166,"column":4},"end":{"line":170,"column":5}},"62":{"start":{"line":167,"column":6},"end":{"line":167,"column":69}},"63":{"start":{"line":169,"column":6},"end":{"line":169,"column":25}},"64":{"start":{"line":173,"column":24},"end":{"line":184,"column":3}},"65":{"start":{"line":174,"column":22},"end":{"line":177,"column":43}},"66":{"start":{"line":179,"column":4},"end":{"line":183,"column":5}},"67":{"start":{"line":180,"column":6},"end":{"line":180,"column":63}},"68":{"start":{"line":182,"column":6},"end":{"line":182,"column":25}},"69":{"start":{"line":186,"column":25},"end":{"line":192,"column":3}},"70":{"start":{"line":187,"column":4},"end":{"line":191,"column":22}},"71":{"start":{"line":194,"column":25},"end":{"line":207,"column":3}},"72":{"start":{"line":195,"column":4},"end":{"line":206,"column":5}},"73":{"start":{"line":197,"column":8},"end":{"line":197,"column":34}},"74":{"start":{"line":199,"column":8},"end":{"line":199,"column":32}},"75":{"start":{"line":201,"column":8},"end":{"line":201,"column":34}},"76":{"start":{"line":203,"column":8},"end":{"line":203,"column":33}},"77":{"start":{"line":205,"column":8},"end":{"line":205,"column":18}},"78":{"start":{"line":209,"column":2},"end":{"line":452,"column":4}},"79":{"start":{"line":241,"column":41},"end":{"line":241,"column":78}},"80":{"start":{"line":243,"column":22},"end":{"line":285,"column":27}},"81":{"start":{"line":261,"column":43},"end":{"line":261,"column":64}},"82":{"start":{"line":271,"column":30},"end":{"line":271,"column":66}},"83":{"start":{"line":280,"column":43},"end":{"line":280,"column":62}},"84":{"start":{"line":311,"column":41},"end":{"line":311,"column":77}},"85":{"start":{"line":313,"column":22},"end":{"line":355,"column":27}},"86":{"start":{"line":331,"column":43},"end":{"line":331,"column":64}},"87":{"start":{"line":341,"column":30},"end":{"line":341,"column":68}},"88":{"start":{"line":350,"column":43},"end":{"line":350,"column":62}},"89":{"start":{"line":378,"column":41},"end":{"line":378,"column":79}},"90":{"start":{"line":380,"column":22},"end":{"line":395,"column":27}},"91":{"start":{"line":418,"column":41},"end":{"line":418,"column":79}},"92":{"start":{"line":420,"column":22},"end":{"line":435,"column":27}}},"fnMap":{"0":{"name":"(anonymous_0)","decl":{"start":{"line":10,"column":18},"end":{"line":10,"column":19}},"loc":{"start":{"line":10,"column":24},"end":{"line":453,"column":1}},"line":10},"1":{"name":"(anonymous_1)","decl":{"start":{"line":17,"column":28},"end":{"line":17,"column":29}},"loc":{"start":{"line":17,"column":40},"end":{"line":31,"column":1}},"line":17},"2":{"name":"(anonymous_2)","decl":{"start":{"line":33,"column":27},"end":{"line":33,"column":28}},"loc":{"start":{"line":33,"column":39},"end":{"line":46,"column":3}},"line":33},"3":{"name":"(anonymous_3)","decl":{"start":{"line":48,"column":12},"end":{"line":48,"column":13}},"loc":{"start":{"line":48,"column":18},"end":{"line":52,"column":1}},"line":48},"4":{"name":"(anonymous_4)","decl":{"start":{"line":55,"column":20},"end":{"line":55,"column":21}},"loc":{"start":{"line":55,"column":26},"end":{"line":58,"column":3}},"line":55},"5":{"name":"(anonymous_5)","decl":{"start":{"line":60,"column":26},"end":{"line":60,"column":27}},"loc":{"start":{"line":60,"column":40},"end":{"line":63,"column":3}},"line":60},"6":{"name":"(anonymous_6)","decl":{"start":{"line":66,"column":28},"end":{"line":66,"column":29}},"loc":{"start":{"line":66,"column":51},"end":{"line":104,"column":1}},"line":66},"7":{"name":"(anonymous_7)","decl":{"start":{"line":111,"column":21},"end":{"line":111,"column":22}},"loc":{"start":{"line":111,"column":27},"end":{"line":113,"column":3}},"line":111},"8":{"name":"(anonymous_8)","decl":{"start":{"line":115,"column":35},"end":{"line":115,"column":36}},"loc":{"start":{"line":115,"column":55},"end":{"line":145,"column":3}},"line":115},"9":{"name":"(anonymous_9)","decl":{"start":{"line":147,"column":25},"end":{"line":147,"column":26}},"loc":{"start":{"line":147,"column":45},"end":{"line":158,"column":3}},"line":147},"10":{"name":"(anonymous_10)","decl":{"start":{"line":160,"column":30},"end":{"line":160,"column":31}},"loc":{"start":{"line":160,"column":60},"end":{"line":171,"column":3}},"line":160},"11":{"name":"(anonymous_11)","decl":{"start":{"line":173,"column":24},"end":{"line":173,"column":25}},"loc":{"start":{"line":173,"column":43},"end":{"line":184,"column":3}},"line":173},"12":{"name":"(anonymous_12)","decl":{"start":{"line":186,"column":25},"end":{"line":186,"column":26}},"loc":{"start":{"line":186,"column":37},"end":{"line":192,"column":3}},"line":186},"13":{"name":"(anonymous_13)","decl":{"start":{"line":194,"column":25},"end":{"line":194,"column":26}},"loc":{"start":{"line":194,"column":37},"end":{"line":207,"column":3}},"line":194},"14":{"name":"(anonymous_14)","decl":{"start":{"line":241,"column":28},"end":{"line":241,"column":29}},"loc":{"start":{"line":241,"column":41},"end":{"line":241,"column":78}},"line":241},"15":{"name":"(anonymous_15)","decl":{"start":{"line":242,"column":25},"end":{"line":242,"column":26}},"loc":{"start":{"line":243,"column":22},"end":{"line":285,"column":27}},"line":243},"16":{"name":"(anonymous_16)","decl":{"start":{"line":261,"column":37},"end":{"line":261,"column":38}},"loc":{"start":{"line":261,"column":43},"end":{"line":261,"column":64}},"line":261},"17":{"name":"(anonymous_17)","decl":{"start":{"line":270,"column":37},"end":{"line":270,"column":38}},"loc":{"start":{"line":271,"column":30},"end":{"line":271,"column":66}},"line":271},"18":{"name":"(anonymous_18)","decl":{"start":{"line":280,"column":37},"end":{"line":280,"column":38}},"loc":{"start":{"line":280,"column":43},"end":{"line":280,"column":62}},"line":280},"19":{"name":"(anonymous_19)","decl":{"start":{"line":311,"column":28},"end":{"line":311,"column":29}},"loc":{"start":{"line":311,"column":41},"end":{"line":311,"column":77}},"line":311},"20":{"name":"(anonymous_20)","decl":{"start":{"line":312,"column":25},"end":{"line":312,"column":26}},"loc":{"start":{"line":313,"column":22},"end":{"line":355,"column":27}},"line":313},"21":{"name":"(anonymous_21)","decl":{"start":{"line":331,"column":37},"end":{"line":331,"column":38}},"loc":{"start":{"line":331,"column":43},"end":{"line":331,"column":64}},"line":331},"22":{"name":"(anonymous_22)","decl":{"start":{"line":340,"column":37},"end":{"line":340,"column":38}},"loc":{"start":{"line":341,"column":30},"end":{"line":341,"column":68}},"line":341},"23":{"name":"(anonymous_23)","decl":{"start":{"line":350,"column":37},"end":{"line":350,"column":38}},"loc":{"start":{"line":350,"column":43},"end":{"line":350,"column":62}},"line":350},"24":{"name":"(anonymous_24)","decl":{"start":{"line":378,"column":28},"end":{"line":378,"column":29}},"loc":{"start":{"line":378,"column":41},"end":{"line":378,"column":79}},"line":378},"25":{"name":"(anonymous_25)","decl":{"start":{"line":379,"column":25},"end":{"line":379,"column":26}},"loc":{"start":{"line":380,"column":22},"end":{"line":395,"column":27}},"line":380},"26":{"name":"(anonymous_26)","decl":{"start":{"line":418,"column":28},"end":{"line":418,"column":29}},"loc":{"start":{"line":418,"column":41},"end":{"line":418,"column":79}},"line":418},"27":{"name":"(anonymous_27)","decl":{"start":{"line":419,"column":25},"end":{"line":419,"column":26}},"loc":{"start":{"line":420,"column":22},"end":{"line":435,"column":27}},"line":420}},"branchMap":{"0":{"loc":{"start":{"line":18,"column":4},"end":{"line":30,"column":5}},"type":"if","locations":[{"start":{"line":18,"column":4},"end":{"line":30,"column":5}},{"start":{},"end":{}}],"line":18},"1":{"loc":{"start":{"line":24,"column":8},"end":{"line":29,"column":9}},"type":"if","locations":[{"start":{"line":24,"column":8},"end":{"line":29,"column":9}},{"start":{"line":26,"column":15},"end":{"line":29,"column":9}}],"line":24},"2":{"loc":{"start":{"line":34,"column":4},"end":{"line":45,"column":5}},"type":"if","locations":[{"start":{"line":34,"column":4},"end":{"line":45,"column":5}},{"start":{},"end":{}}],"line":34},"3":{"loc":{"start":{"line":40,"column":6},"end":{"line":44,"column":7}},"type":"if","locations":[{"start":{"line":40,"column":6},"end":{"line":44,"column":7}},{"start":{"line":42,"column":13},"end":{"line":44,"column":7}}],"line":40},"4":{"loc":{"start":{"line":68,"column":8},"end":{"line":98,"column":9}},"type":"if","locations":[{"start":{"line":68,"column":8},"end":{"line":98,"column":9}},{"start":{"line":87,"column":15},"end":{"line":98,"column":9}}],"line":68},"5":{"loc":{"start":{"line":82,"column":12},"end":{"line":86,"column":13}},"type":"if","locations":[{"start":{"line":82,"column":12},"end":{"line":86,"column":13}},{"start":{"line":84,"column":19},"end":{"line":86,"column":13}}],"line":82},"6":{"loc":{"start":{"line":93,"column":12},"end":{"line":97,"column":13}},"type":"if","locations":[{"start":{"line":93,"column":12},"end":{"line":97,"column":13}},{"start":{"line":95,"column":19},"end":{"line":97,"column":13}}],"line":93},"7":{"loc":{"start":{"line":126,"column":4},"end":{"line":132,"column":5}},"type":"if","locations":[{"start":{"line":126,"column":4},"end":{"line":132,"column":5}},{"start":{},"end":{}}],"line":126},"8":{"loc":{"start":{"line":139,"column":4},"end":{"line":144,"column":5}},"type":"if","locations":[{"start":{"line":139,"column":4},"end":{"line":144,"column":5}},{"start":{"line":141,"column":11},"end":{"line":144,"column":5}}],"line":139},"9":{"loc":{"start":{"line":153,"column":4},"end":{"line":157,"column":5}},"type":"if","locations":[{"start":{"line":153,"column":4},"end":{"line":157,"column":5}},{"start":{"line":155,"column":11},"end":{"line":157,"column":5}}],"line":153},"10":{"loc":{"start":{"line":166,"column":4},"end":{"line":170,"column":5}},"type":"if","locations":[{"start":{"line":166,"column":4},"end":{"line":170,"column":5}},{"start":{"line":168,"column":11},"end":{"line":170,"column":5}}],"line":166},"11":{"loc":{"start":{"line":179,"column":4},"end":{"line":183,"column":5}},"type":"if","locations":[{"start":{"line":179,"column":4},"end":{"line":183,"column":5}},{"start":{"line":181,"column":11},"end":{"line":183,"column":5}}],"line":179},"12":{"loc":{"start":{"line":195,"column":4},"end":{"line":206,"column":5}},"type":"switch","locations":[{"start":{"line":196,"column":6},"end":{"line":197,"column":34}},{"start":{"line":198,"column":6},"end":{"line":199,"column":32}},{"start":{"line":200,"column":6},"end":{"line":201,"column":34}},{"start":{"line":202,"column":6},"end":{"line":203,"column":33}},{"start":{"line":204,"column":6},"end":{"line":205,"column":18}}],"line":195}},"s":{"0":1,"1":13,"2":13,"3":12,"4":12,"5":12,"6":12,"7":0,"8":0,"9":0,"10":0,"11":0,"12":0,"13":12,"14":0,"15":0,"16":0,"17":0,"18":0,"19":12,"20":0,"21":0,"22":0,"23":12,"24":0,"25":0,"26":12,"27":0,"28":0,"29":12,"30":0,"31":0,"32":0,"33":0,"34":0,"35":0,"36":0,"37":0,"38":0,"39":0,"40":0,"41":0,"42":12,"43":0,"44":12,"45":0,"46":0,"47":0,"48":0,"49":0,"50":0,"51":0,"52":0,"53":0,"54":12,"55":0,"56":0,"57":0,"58":0,"59":12,"60":0,"61":0,"62":0,"63":0,"64":12,"65":0,"66":0,"67":0,"68":0,"69":12,"70":0,"71":12,"72":0,"73":0,"74":0,"75":0,"76":0,"77":0,"78":12,"79":0,"80":0,"81":0,"82":0,"83":0,"84":0,"85":0,"86":0,"87":0,"88":0,"89":0,"90":0,"91":0,"92":0},"f":{"0":13,"1":0,"2":0,"3":0,"4":0,"5":0,"6":0,"7":0,"8":0,"9":0,"10":0,"11":0,"12":0,"13":0,"14":0,"15":0,"16":0,"17":0,"18":0,"19":0,"20":0,"21":0,"22":0,"23":0,"24":0,"25":0,"26":0,"27":0},"b":{"0":[0,0],"1":[0,0],"2":[0,0],"3":[0,0],"4":[0,0],"5":[0,0],"6":[0,0],"7":[0,0],"8":[0,0],"9":[0,0],"10":[0,0],"11":[0,0],"12":[0,0,0,0,0]},"_coverageSchema":"1a1c01bbd47fc00a2c39e90264f33305004495a9","hash":"8b2e169812897f2303177cc021b357ff1efe6b2d"}
}
