{"/Users/alex/Documents/VillageVetTestingRound2/client/src/context/PatientContext.js": {"path":"/Users/alex/Documents/VillageVetTestingRound2/client/src/context/PatientContext.js","statementMap":{"0":{"start":{"line":3,"column":23},"end":{"line":3,"column":38}},"1":{"start":{"line":5,"column":31},"end":{"line":13,"column":1}},"2":{"start":{"line":6,"column":48},"end":{"line":6,"column":62}},"3":{"start":{"line":8,"column":2},"end":{"line":12,"column":4}},"4":{"start":{"line":15,"column":26},"end":{"line":23,"column":1}},"5":{"start":{"line":16,"column":18},"end":{"line":16,"column":44}},"6":{"start":{"line":18,"column":2},"end":{"line":20,"column":3}},"7":{"start":{"line":19,"column":4},"end":{"line":19,"column":72}},"8":{"start":{"line":22,"column":2},"end":{"line":22,"column":17}}},"fnMap":{"0":{"name":"(anonymous_0)","decl":{"start":{"line":5,"column":31},"end":{"line":5,"column":32}},"loc":{"start":{"line":5,"column":49},"end":{"line":13,"column":1}},"line":5},"1":{"name":"(anonymous_1)","decl":{"start":{"line":15,"column":26},"end":{"line":15,"column":27}},"loc":{"start":{"line":15,"column":32},"end":{"line":23,"column":1}},"line":15}},"branchMap":{"0":{"loc":{"start":{"line":18,"column":2},"end":{"line":20,"column":3}},"type":"if","locations":[{"start":{"line":18,"column":2},"end":{"line":20,"column":3}},{"start":{},"end":{}}],"line":18}},"s":{"0":1,"1":1,"2":1,"3":1,"4":1,"5":6,"6":5,"7":4,"8":1},"f":{"0":1,"1":6},"b":{"0":[4,1]},"_coverageSchema":"1a1c01bbd47fc00a2c39e90264f33305004495a9","hash":"042019afaf9816b500c4713577a532737fd5b669"}
}
